2016-08-02 09:41:42  request=array (
  'machineid' => '10010101611607000040',
  'controlerName' => 'machine',
  'actionName' => 'elecsign',
  'PHPSESSID' => '1v9d2n3atoitabpp7b739lvub5',
) type=10
2016-08-02 09:42:58  request=array (
  'machineid' => '12345123451234512345,10010101611607000040',
  'controlerName' => 'machine',
  'actionName' => 'elecsign',
  'PHPSESSID' => '1v9d2n3atoitabpp7b739lvub5',
) type=12
2016-08-02 09:43:19  request=array (
  'machineid' => '12345123451234512345,10010101611607000040',
  'controlerName' => 'machine',
  'actionName' => 'elecsign',
  'PHPSESSID' => '1v9d2n3atoitabpp7b739lvub5',
) type=12
2016-08-02 09:43:50  request=array (
  'machineid' => '10010101611607000040',
  'controlerName' => 'machine',
  'actionName' => 'elecsign',
  'PHPSESSID' => '1v9d2n3atoitabpp7b739lvub5',
) type=10
2016-08-02 09:44:01  request=array (
  'machineid' => '23423234232342323423,10010101611607000040',
  'controlerName' => 'machine',
  'actionName' => 'elecsign',
  'PHPSESSID' => '1v9d2n3atoitabpp7b739lvub5',
) type=23
2016-08-02 09:45:01  request=array (
  'machineid' => '08010101611607000091,10010101611607000040',
  'controlerName' => 'machine',
  'actionName' => 'elecsign',
  'PHPSESSID' => '1v9d2n3atoitabpp7b739lvub5',
) type=08
2016-08-02 09:45:56  request=array (
  'machineid' => '08010101611607000091,10010101611607000040',
  'controlerName' => 'machine',
  'actionName' => 'elecsign',
  'PHPSESSID' => '1v9d2n3atoitabpp7b739lvub5',
  'XDEBUG_SESSION' => '16506',
) type=08
2016-08-02 09:47:41  request=array (
  'machineid' => '08010101611607000091,10010101611607000040',
  'controlerName' => 'machine',
  'actionName' => 'elecsign',
  'PHPSESSID' => '1v9d2n3atoitabpp7b739lvub5',
  'XDEBUG_SESSION' => '16506',
) type=08
2016-08-02 09:48:30  request=array (
  'machineid' => '08010101611607000091,10010101611607000040',
  'controlerName' => 'machine',
  'actionName' => 'elecsign',
  'PHPSESSID' => '1v9d2n3atoitabpp7b739lvub5',
  'XDEBUG_SESSION' => '16506',
) type=08
2016-08-02 09:50:22  request=array (
  'machineid' => '08010101611607000091,10010101611607000040',
  'controlerName' => 'machine',
  'actionName' => 'elecsign',
  'PHPSESSID' => '1v9d2n3atoitabpp7b739lvub5',
  'XDEBUG_SESSION' => '16506',
) type=08
2016-08-02 09:51:11  request=array (
  'machineid' => '08010101611607000091,10010101611607000040',
  'controlerName' => 'machine',
  'actionName' => 'elecsign',
  'PHPSESSID' => '1v9d2n3atoitabpp7b739lvub5',
  'XDEBUG_SESSION' => '16506',
) type=08
2016-08-02 10:04:05  request=array (
  'machineid' => '08010101611607000091,10010101611607000040',
  'controlerName' => 'machine',
  'actionName' => 'elecsign',
  'PHPSESSID' => '1v9d2n3atoitabpp7b739lvub5',
  'XDEBUG_SESSION' => '16506',
) type=08
2016-08-02 10:04:53  request=array (
  'machineid' => '08010101611607000091,10010101611607000040',
  'controlerName' => 'machine',
  'actionName' => 'elecsign',
  'PHPSESSID' => '1v9d2n3atoitabpp7b739lvub5',
  'XDEBUG_SESSION' => '16506',
) type=08
2016-08-02 10:05:34  request=array (
  'machineid' => '08010101611607000091,10010101611607000040',
  'controlerName' => 'machine',
  'actionName' => 'elecsign',
  'PHPSESSID' => '1v9d2n3atoitabpp7b739lvub5',
  'XDEBUG_SESSION' => '16506',
) type=08
2016-08-02 10:05:53  request=array (
  'machineid' => '08010101611607000091,10010101611607000040',
  'controlerName' => 'machine',
  'actionName' => 'elecsign',
  'PHPSESSID' => '1v9d2n3atoitabpp7b739lvub5',
  'XDEBUG_SESSION' => '16506',
) type=08
2016-08-02 10:08:16  request=array (
  'machineid' => '08010101611607000091,10010101611607000040',
  'controlerName' => 'machine',
  'actionName' => 'elecsign',
  'PHPSESSID' => '1v9d2n3atoitabpp7b739lvub5',
  'XDEBUG_SESSION' => '16506',
) type=08
2016-08-02 10:08:48  request=array (
  'machineid' => '08010101611607000091,10010101611607000040',
  'controlerName' => 'machine',
  'actionName' => 'elecsign',
  'PHPSESSID' => '1v9d2n3atoitabpp7b739lvub5',
  'XDEBUG_SESSION' => '15625',
) type=08
2016-08-03 01:44:11  request=array (
  'machineid' => '08010101611607000091,10010101611607000040',
  'controlerName' => 'machine',
  'actionName' => 'elecsign',
  'PHPSESSID' => '1v9d2n3atoitabpp7b739lvub5',
) type=08
