2015-12-19 17:35:23 Workerman[test.php] status 
2015-12-19 17:35:23 Workerman[test.php] not run
2015-12-19 17:35:31 Workerman[test.php] start in DEBUG mode
2015-12-19 17:35:41 Workerman[test.php] Stopping ...
2015-12-19 17:35:41 Workerman[test.php] has been stopped
2015-12-19 17:37:57 Workerman[test.php] start in DEBUG mode
2015-12-19 17:38:29 Workerman[test.php] Stopping ...
2015-12-19 17:38:29 Workerman[test.php] has been stopped
2015-12-21 22:48:37 Workerman[test.php] start in DAEMON mode
2015-12-21 22:49:03 Workerman[test.php] start in DAEMON mode
2015-12-21 22:49:03 Workerman[test.php] already running
2015-12-21 22:49:33 Workerman[test.php] stop 
2015-12-21 22:49:33 Workerman[test.php] is stoping ...
2015-12-21 22:49:33 Workerman[test.php] Stopping ...
2015-12-21 22:49:33 Workerman[test.php] has been stopped
2015-12-21 22:49:33 Workerman[test.php] stop success
2015-12-21 22:49:35 Workerman[test.php] start in DEBUG mode
2015-12-21 22:55:40 Workerman[test.php] Stopping ...
2015-12-21 22:55:40 Workerman[test.php] has been stopped
2015-12-21 22:55:44 Workerman[test.php] start in DEBUG mode
2015-12-21 22:56:17 Workerman[test.php] start in DEBUG mode
2015-12-21 22:58:23 Workerman[test.php] Stopping ...
2015-12-21 22:58:23 Workerman[test.php] has been stopped
2015-12-21 22:59:26 Workerman[test.php] start in DEBUG mode
2015-12-21 23:00:52 Workerman[test.php] Stopping ...
2015-12-21 23:00:52 Workerman[test.php] has been stopped
2015-12-21 23:00:58 Workerman[test.php] start in DAEMON mode
2015-12-21 23:01:13 Workerman[test.php] status 
2015-12-21 23:01:39 Workerman[test.php] status 
2015-12-21 23:02:01 Workerman[test.php] status 
2015-12-21 23:15:22 Workerman[test.php] stop 
2015-12-21 23:15:22 Workerman[test.php] is stoping ...
2015-12-21 23:15:22 Workerman[test.php] Stopping ...
2015-12-21 23:15:22 Workerman[test.php] has been stopped
2015-12-21 23:15:22 Workerman[test.php] stop success
2015-12-21 23:15:52 Workerman[test.php] start in DEBUG mode
2015-12-21 23:42:47 Workerman[test.php] start in DEBUG mode
2015-12-21 23:42:47 Workerman[test.php] already running
2015-12-21 23:42:50 Workerman[test.php] start in DAEMON mode
2015-12-21 23:42:50 Workerman[test.php] already running
2015-12-21 23:42:56 Workerman[test.php] state 
2015-12-21 23:43:01 Workerman[test.php] states 
2015-12-21 23:43:07 Workerman[test.php] status 
2015-12-21 23:43:20 Workerman[test.php] status 
2015-12-21 23:43:27 Workerman[test.php] status 
2015-12-21 23:43:36 Workerman[test.php] status 
2015-12-21 23:43:39 Workerman[test.php] status 
2015-12-21 23:43:43 Workerman[test.php] status 
2015-12-22 00:28:13 Workerman[test.php] start in DEBUG mode
2015-12-22 00:28:13 Workerman[test.php] already running
2015-12-22 00:28:20 Workerman[test.php] status 
2015-12-22 00:28:28 Workerman[test.php] status 
2015-12-22 00:28:36 Workerman[test.php] status 
2015-12-22 00:28:41 Workerman[test.php] status 
2015-12-22 00:28:47 Workerman[test.php] stop 
2015-12-22 00:28:47 Workerman[test.php] is stoping ...
2015-12-22 00:28:47 Workerman[test.php] Stopping ...
2015-12-22 00:28:47 Workerman[test.php] has been stopped
2015-12-22 00:28:47 Workerman[test.php] stop success
2015-12-22 00:29:10 Workerman[test.php] start in DEBUG mode
2015-12-22 00:30:29 Workerman[test.php] Stopping ...
2015-12-22 00:30:29 Workerman[test.php] has been stopped
2015-12-22 00:30:36 Workerman[test.php] start in DAEMON mode
2015-12-22 00:30:50 Workerman[test.php] status 
2015-12-22 00:31:00 Workerman[test.php] start in DAEMON mode
2015-12-22 00:31:00 Workerman[test.php] already running
2015-12-22 00:39:33 Workerman[test.php] status 
2015-12-23 21:39:24 Workerman[test.php] status 
2015-12-23 21:39:31 Workerman[test.php] stop 
2015-12-23 21:39:31 Workerman[test.php] is stoping ...
2015-12-23 21:39:31 Workerman[test.php] Stopping ...
2015-12-23 21:39:31 Workerman[test.php] has been stopped
2015-12-23 21:39:31 Workerman[test.php] stop success
2015-12-23 21:39:38 Workerman[test.php] start in DEBUG mode
2015-12-23 22:08:17 Workerman[test.php] status 
2015-12-23 22:08:21 Workerman[test.php] stop 
2015-12-23 22:08:21 Workerman[test.php] is stoping ...
2015-12-23 22:08:21 Workerman[test.php] Stopping ...
2015-12-23 22:08:21 Workerman[test.php] has been stopped
2015-12-23 22:08:21 Workerman[test.php] stop success
2015-12-23 22:08:26 Workerman[test.php] start in DEBUG mode
2015-12-26 16:46:32 Workerman[test.php] status 
2015-12-26 16:46:32 Workerman[test.php] not run
2015-12-26 16:46:56 Workerman[test.php] start in DEBUG mode
2015-12-26 16:47:15 Workerman[test.php] start in DEBUG mode
2015-12-26 16:49:55 Workerman[test.php] Stopping ...
2015-12-26 16:49:55 Workerman[test.php] has been stopped
2015-12-26 16:49:57 Workerman[test.php] start in DEBUG mode
2015-12-26 16:50:27 Workerman[test.php] Stopping ...
2015-12-26 16:50:27 Workerman[test.php] has been stopped
2015-12-26 16:50:28 Workerman[test.php] start in DEBUG mode
2015-12-26 16:52:07 Workerman[test.php] Stopping ...
2015-12-26 16:52:07 Workerman[test.php] has been stopped
2015-12-26 16:52:07 Workerman[test.php] start in DEBUG mode
2015-12-26 17:02:01 Workerman[test.php] Stopping ...
2015-12-26 17:02:01 Workerman[test.php] has been stopped
2015-12-26 17:02:02 Workerman[test.php] start in DEBUG mode
2015-12-26 17:41:09 Workerman[test.php] start in DEBUG mode
2015-12-26 17:41:09 Workerman[test.php] already running
2015-12-26 17:41:20 Workerman[test.php] stop 
2015-12-26 17:41:20 Workerman[test.php] is stoping ...
2015-12-26 17:41:20 Workerman[test.php] Stopping ...
2015-12-26 17:41:20 Workerman[test.php] has been stopped
2015-12-26 17:41:20 Workerman[test.php] stop success
2015-12-26 17:41:23 Workerman[test.php] start in DEBUG mode
2015-12-26 17:41:24 Workerman[test.php] Stopping ...
2015-12-26 17:41:24 Workerman[test.php] has been stopped
2015-12-26 17:42:11 Workerman[test.php] start in DEBUG mode
2015-12-26 17:42:12 Workerman[test.php] Stopping ...
2015-12-26 17:42:12 Workerman[test.php] has been stopped
2015-12-26 17:42:21 Workerman[test.php] start in DEBUG mode
2015-12-26 17:42:23 Workerman[test.php] Stopping ...
2015-12-26 17:42:23 Workerman[test.php] has been stopped
2015-12-26 17:42:58 Workerman[test.php] start in DEBUG mode
2015-12-26 17:42:59 Workerman[test.php] Stopping ...
2015-12-26 17:42:59 Workerman[test.php] has been stopped
2015-12-26 17:43:27 Workerman[test.php] start in DEBUG mode
2015-12-26 17:43:28 Workerman[test.php] Stopping ...
2015-12-26 17:43:28 Workerman[test.php] has been stopped
2015-12-26 17:49:59 Workerman[test.php] start in DEBUG mode
2015-12-26 17:50:04 Workerman[test.php] Stopping ...
2015-12-26 17:50:04 Workerman[test.php] has been stopped
2015-12-26 17:51:52 Workerman[test.php] start in DEBUG mode
2015-12-26 17:52:23 Workerman[test.php] Stopping ...
2015-12-26 17:52:23 Workerman[test.php] has been stopped
2015-12-26 17:53:33 Workerman[test.php] start in DEBUG mode
2015-12-26 17:59:40 Workerman[test.php] Stopping ...
2015-12-26 17:59:40 Workerman[test.php] has been stopped
2015-12-26 17:59:41 Workerman[test.php] start in DEBUG mode
2015-12-26 18:01:33 Workerman[test.php] Stopping ...
2015-12-26 18:01:33 Workerman[test.php] has been stopped
2015-12-26 18:01:34 Workerman[test.php] start in DEBUG mode
2015-12-26 21:23:26 Workerman[test.php] start in DEBUG mode
2015-12-26 21:40:30 Workerman[test.php] start in DEBUG mode
2015-12-26 21:40:30 Workerman[test.php] already running
2015-12-26 21:40:38 Workerman[test.php] stop 
2015-12-26 21:40:38 Workerman[test.php] is stoping ...
2015-12-26 21:40:38 Workerman[test.php] Stopping ...
2015-12-26 21:40:38 Workerman[test.php] has been stopped
2015-12-26 21:40:38 Workerman[test.php] stop success
2015-12-26 21:40:40 Workerman[test.php] start in DEBUG mode
2015-12-26 21:42:47 Workerman[test.php] Stopping ...
2015-12-26 21:42:47 Workerman[test.php] has been stopped
2015-12-26 21:42:49 Workerman[test.php] start in DEBUG mode
2015-12-26 21:43:40 Workerman[test.php] Stopping ...
2015-12-26 21:43:40 Workerman[test.php] has been stopped
2015-12-26 21:44:41 Workerman[test.php] start in DEBUG mode
2015-12-26 22:58:40 Workerman[test.php] start in DEBUG mode
2015-12-26 22:58:40 Workerman[test.php] already running
2015-12-26 22:58:45 Workerman[test.php] stop 
2015-12-26 22:58:45 Workerman[test.php] is stoping ...
2015-12-26 22:58:45 Workerman[test.php] Stopping ...
2015-12-26 22:58:45 Workerman[test.php] has been stopped
2015-12-26 22:58:45 Workerman[test.php] stop success
2015-12-26 22:58:46 Workerman[test.php] start in DEBUG mode
2015-12-26 23:02:10 Workerman[test.php] Stopping ...
2015-12-26 23:02:10 Workerman[test.php] has been stopped
2015-12-26 23:02:13 Workerman[test.php] start in DEBUG mode
2015-12-26 23:02:46 Workerman[test.php] Stopping ...
2015-12-26 23:02:46 Workerman[test.php] has been stopped
2015-12-26 23:02:48 Workerman[test.php] start in DEBUG mode
2015-12-26 23:04:16 Workerman[test.php] Stopping ...
2015-12-26 23:04:16 Workerman[test.php] has been stopped
2015-12-26 23:04:17 Workerman[test.php] start in DEBUG mode
2015-12-26 23:42:00 Workerman[test.php] start in DEBUG mode
2015-12-26 23:42:00 Workerman[test.php] already running
2015-12-26 23:42:04 Workerman[test.php] stop 
2015-12-26 23:42:04 Workerman[test.php] is stoping ...
2015-12-26 23:42:04 Workerman[test.php] Stopping ...
2015-12-26 23:42:04 Workerman[test.php] has been stopped
2015-12-26 23:42:04 Workerman[test.php] stop success
2015-12-26 23:42:05 Workerman[test.php] start in DEBUG mode
2015-12-26 23:47:48 Workerman[test.php] Stopping ...
2015-12-26 23:47:48 Workerman[test.php] has been stopped
2015-12-26 23:47:49 Workerman[test.php] start in DEBUG mode
2015-12-27 16:22:38 Workerman[test.php] start in DEBUG mode
2015-12-27 16:45:41 Workerman[test.php] stop 
2015-12-27 16:45:41 Workerman[test.php] is stoping ...
2015-12-27 16:45:41 Workerman[test.php] Stopping ...
2015-12-27 16:45:41 Workerman[test.php] has been stopped
2015-12-27 16:45:41 Workerman[test.php] stop success
2015-12-27 16:45:44 Workerman[test.php] start in DEBUG mode
2015-12-27 16:47:11 Workerman[test.php] Stopping ...
2015-12-27 16:47:11 Workerman[test.php] has been stopped
2015-12-27 16:47:12 Workerman[test.php] start in DEBUG mode
2015-12-27 23:42:11 Workerman[test.php] status 
2015-12-27 23:42:11 Workerman[test.php] not run
2015-12-27 23:42:17 Workerman[test.php] start in DEBUG mode
2015-12-27 23:43:39 Workerman[test.php] Stopping ...
2015-12-27 23:43:39 Workerman[test.php] has been stopped
2015-12-27 23:43:48 Workerman[test.php] start in DAEMON mode
2015-12-27 23:50:09 Workerman[test.php] reload 
2015-12-27 23:50:09 Workerman[test.php] reload
2015-12-27 23:50:09 Workerman[test.php] reloading
2015-12-27 23:51:35 Workerman[test.php] stop 
2015-12-27 23:51:35 Workerman[test.php] is stoping ...
2015-12-27 23:51:35 Workerman[test.php] Stopping ...
2015-12-27 23:51:35 Workerman[test.php] has been stopped
2015-12-27 23:51:35 Workerman[test.php] stop success
2015-12-27 23:51:38 Workerman[test.php] start in DAEMON mode
2015-12-27 23:53:09 Workerman[test.php] stop 
2015-12-27 23:53:09 Workerman[test.php] is stoping ...
2015-12-27 23:53:09 Workerman[test.php] Stopping ...
2015-12-27 23:53:09 Workerman[test.php] has been stopped
2015-12-27 23:53:09 Workerman[test.php] stop success
2015-12-27 23:53:11 Workerman[test.php] start in DAEMON mode
2015-12-27 23:55:48 Workerman[test.php] stop 
2015-12-27 23:55:48 Workerman[test.php] is stoping ...
2015-12-27 23:55:48 Workerman[test.php] Stopping ...
2015-12-27 23:55:48 Workerman[test.php] has been stopped
2015-12-27 23:55:48 Workerman[test.php] stop success
2015-12-27 23:55:51 Workerman[test.php] start in DAEMON mode
2015-12-29 00:19:58 Workerman[test.php] stop 
2015-12-29 00:19:58 Workerman[test.php] is stoping ...
2015-12-29 00:19:58 Workerman[test.php] Stopping ...
2015-12-29 00:19:58 Workerman[test.php] has been stopped
2015-12-29 00:19:58 Workerman[test.php] stop success
2015-12-29 00:20:02 Workerman[test.php] start in DAEMON mode
2015-12-29 22:00:56 Workerman[test.php] status 
2015-12-29 22:01:08 Workerman[test.php] stop 
2015-12-29 22:01:08 Workerman[test.php] is stoping ...
2015-12-29 22:01:08 Workerman[test.php] Stopping ...
2015-12-29 22:01:08 Workerman[test.php] has been stopped
2015-12-29 22:01:08 Workerman[test.php] stop success
2015-12-29 22:01:15 Workerman[test.php] start in DAEMON mode
2015-12-29 22:01:26 Workerman[test.php] status 
2015-12-30 11:11:10 Workerman[test.php] stop 
2015-12-30 11:11:10 Workerman[test.php] is stoping ...
2015-12-30 11:11:10 Workerman[test.php] Stopping ...
2015-12-30 11:11:10 Workerman[test.php] has been stopped
2015-12-30 11:11:10 Workerman[test.php] stop success
2015-12-30 11:11:14 Workerman[test.php] start in DAEMON mode
2015-12-30 14:09:26 Workerman[test.php] stop 
2015-12-30 14:09:26 Workerman[test.php] is stoping ...
2015-12-30 14:09:26 Workerman[test.php] Stopping ...
2015-12-30 14:09:26 Workerman[test.php] has been stopped
2015-12-30 14:09:26 Workerman[test.php] stop success
2015-12-30 14:09:28 Workerman[test.php] start in DAEMON mode
2016-01-04 22:12:20 Workerman[test.php] status 
2016-01-07 01:57:45 Workerman[test.php] status 
2016-01-07 01:57:51 Workerman[test.php] stop 
2016-01-07 01:57:51 Workerman[test.php] is stoping ...
2016-01-07 01:57:51 Workerman[test.php] Stopping ...
2016-01-07 01:57:51 Workerman[test.php] has been stopped
2016-01-07 01:57:51 Workerman[test.php] stop success
2016-01-07 01:58:07 Workerman[test.php] start in DAEMON mode
2016-01-09 17:47:21 Workerman[test.php] stop 
2016-01-09 17:47:21 Workerman[test.php] is stoping ...
2016-01-09 17:47:21 Workerman[test.php] Stopping ...
2016-01-09 17:47:21 Workerman[test.php] has been stopped
2016-01-09 17:47:21 Workerman[test.php] stop success
2016-01-09 17:47:24 Workerman[test.php] start in DAEMON mode
2016-01-09 17:52:28 Workerman[test.php] stop 
2016-01-09 17:52:28 Workerman[test.php] is stoping ...
2016-01-09 17:52:28 Workerman[test.php] Stopping ...
2016-01-09 17:52:28 Workerman[test.php] has been stopped
2016-01-09 17:52:28 Workerman[test.php] stop success
2016-01-09 17:52:31 Workerman[test.php] start in DAEMON mode
2016-01-09 17:53:35 Workerman[test.php] stop 
2016-01-09 17:53:35 Workerman[test.php] is stoping ...
2016-01-09 17:53:35 Workerman[test.php] Stopping ...
2016-01-09 17:53:35 Workerman[test.php] has been stopped
2016-01-09 17:53:35 Workerman[test.php] stop success
2016-01-09 17:53:37 Workerman[test.php] start in DAEMON mode
2016-01-09 18:03:56 Workerman[test.php] stop 
2016-01-09 18:03:56 Workerman[test.php] is stoping ...
2016-01-09 18:03:56 Workerman[test.php] Stopping ...
2016-01-09 18:03:56 Workerman[test.php] has been stopped
2016-01-09 18:03:56 Workerman[test.php] stop success
2016-01-09 18:03:57 Workerman[test.php] start in DAEMON mode
2016-01-09 18:04:42 Workerman[test.php] stop 
2016-01-09 18:04:42 Workerman[test.php] is stoping ...
2016-01-09 18:04:42 Workerman[test.php] Stopping ...
2016-01-09 18:04:42 Workerman[test.php] has been stopped
2016-01-09 18:04:42 Workerman[test.php] stop success
2016-01-09 18:04:43 Workerman[test.php] start in DAEMON mode
2016-01-09 18:21:09 Workerman[test.php] stop 
2016-01-09 18:21:09 Workerman[test.php] is stoping ...
2016-01-09 18:21:09 Workerman[test.php] Stopping ...
2016-01-09 18:21:09 Workerman[test.php] has been stopped
2016-01-09 18:21:09 Workerman[test.php] stop success
2016-01-09 18:21:10 Workerman[test.php] start in DAEMON mode
2016-01-09 18:21:43 Workerman[test.php] stop 
2016-01-09 18:21:43 Workerman[test.php] is stoping ...
2016-01-09 18:21:43 Workerman[test.php] Stopping ...
2016-01-09 18:21:43 Workerman[test.php] has been stopped
2016-01-09 18:21:43 Workerman[test.php] stop success
2016-01-09 18:21:46 Workerman[test.php] start in DAEMON mode
2016-01-09 18:24:20 Workerman[test.php] stop 
2016-01-09 18:24:20 Workerman[test.php] is stoping ...
2016-01-09 18:24:20 Workerman[test.php] Stopping ...
2016-01-09 18:24:20 Workerman[test.php] has been stopped
2016-01-09 18:24:20 Workerman[test.php] stop success
2016-01-09 18:24:23 Workerman[test.php] start in DAEMON mode
2016-04-07 14:05:22 WORKER EXIT UNEXPECTED 
2016-04-07 14:05:27 WORKER EXIT UNEXPECTED 
2016-04-07 14:05:29 WORKER EXIT UNEXPECTED 
2016-04-07 14:05:31 WORKER EXIT UNEXPECTED 
2016-04-07 14:05:33 WORKER EXIT UNEXPECTED 
2016-04-07 14:05:35 WORKER EXIT UNEXPECTED 
2016-04-07 14:05:43 WORKER EXIT UNEXPECTED 
2016-04-07 14:05:43 WORKER EXIT UNEXPEC2016-04-21 16:20:03 Workerman[test.php] start in DAEMON mode
2016-04-21 16:27:02 Workerman[test.php] stop 
2016-04-21 16:27:02 Workerman[test.php] not run
2016-04-21 16:27:02 Workerman[test.php] is stoping ...
2016-04-21 16:27:02 Workerman[test.php] stop success
2016-04-21 16:27:28 Workerman[test.php] start in DEBUG mode
2016-04-21 16:30:59 Workerman[test.php] start in DAEMON mode
2016-04-21 16:50:05 Workerman[test.php] restart 
2016-04-21 16:50:05 Workerman[test.php] is stoping ...
2016-04-21 16:50:05 Workerman[test.php] Stopping ...
2016-04-21 16:50:05 Workerman[test.php] has been stopped
2016-04-21 16:50:05 Workerman[test.php] stop success
2016-04-21 16:50:24 Workerman[test.php] Stopping ...
2016-04-21 16:50:24 Workerman[test.php] has been stopped
2016-04-21 16:50:31 Workerman[test.php] restart 
2016-04-21 16:50:31 Workerman[test.php] is stoping ...
2016-04-21 16:50:31 Workerman[test.php] stop success
2016-05-05 09:00:06 WORKER EXIT UNEXPECTED 
2016-05-05 09:00:10 WORKER EXIT UNEXPECTED 
2016-05-05 09:00:39 WORKER EXIT UNEXPECTED 
2016-05-05 09:00:42 WORKER EXIT UNEXPECTED 
2016-05-05 09:00:47 WORKER EXIT UNEXPECTED 
2016-05-05 09:00:55 WORKER EXIT UNEXPECTED 
2016-05-05 09:01:19 WORKER EXIT UNEXPECTED 
2016-05-05 09:01:23 WORKER EXIT UNEXPECTED 
2016-05-05 09:01:28 WORKER EXIT UNEXPECTED 
2016-05-05 09:01:59 WORKER EXIT UNEXPECTED 
2016-05-05 09:02:04 WORKER EXIT UNEXPECTED 
2016-05-05 09:02:09 WORKER EXIT UNEXPECTED 
2016-05-05 09:02:11 WORKER EXIT UNEXPECTED 
2016-05-05 09:02:19 WORKER EXIT UNEXPECTED 
2016-05-05 09:02:26 WORKER EXIT UNEXPECTED 
2016-05-05 09:02:39 WORKER EXIT UNEXPECTED 
2016-05-05 09:02:45 WORKER EXIT UNEXPECTED 
2016-05-05 09:02:51 WORKER EXIT UNEXPECTED 
2016-05-05 09:02:56 WORKER EXIT UNEXPECTED 
2016-05-05 09:03:19 WORKER EXIT UNEXPECTED 
2016-05-05 09:03:26 WORKER EXIT UNEXPECTED 
2016-05-05 09:03:32 WORKER EXIT UNEXPECTED 
2016-05-05 09:03:59 WORKER EXIT UNEXPECTED 
2016-05-05 09:04:07 WORKER EXIT UNEXPECTED 
2016-05-05 09:04:13 WORKER EXIT UNEXPECTED 
2016-05-05 09:04:27 WORKER EXIT UNEXPECTED 
2016-05-05 09:04:39 WORKER EXIT UNEXPECTED 
2016-05-05 09:04:48 WORKER EXIT UNEXPECTED 
2016-05-05 09:04:54 WORKER EXIT UNEXPECTED 
2016-05-05 09:04:56 WORKER EXIT UNEXPECTED 
2016-05-05 09:05:19 WORKER EXIT UNEXPECTED 
2016-05-05 09:05:29 WORKER EXIT UNEXPECTED 
2016-05-05 09:05:35 WORKER EXIT UNEXPECTED 
2016-05-05 09:05:59 WORKER EXIT UNEXPECTED 
2016-05-05 09:06:10 WORKER EXIT UNEXPECTED 
2016-05-05 09:06:16 WORKER EXIT UNEXPECTED 
2016-05-05 09:06:27 WORKER EXIT UNEXPECTED 
2016-05-05 09:06:39 WORKER EXIT UNEXPECTED 
2016-05-05 09:06:52 WORKER EXIT UNEXPECTED 
2016-05-05 09:06:58 WORKER EXIT UNEXPECTED 
2016-05-05 09:07:19 WORKER EXIT UNEXPECTED 
2016-05-05 09:07:33 WORKER EXIT UNEXPECTED 
2016-05-05 09:07:39 WORKER EXIT UNEXPECTED 
2016-05-05 09:07:59 WORKER EXIT UNEXPECTED 
2016-05-05 09:08:14 WORKER EXIT UNEXPECTED 
2016-05-05 09:08:16 WORKER EXIT UNEXPECTED 
2016-05-05 09:08:20 WORKER EXIT UNEXPECTED 
2016-05-05 09:08:26 WORKER EXIT UNEXPECTED 
2016-05-05 09:08:27 WORKER EXIT UNEXPECTED 
2016-05-05 09:08:28 WORKER EXIT UNEXPECTED 
2016-05-05 09:08:39 WORKER EXIT UNEXPECTED 
2016-05-05 09:08:55 WORKER EXIT UNEXPECTED 
2016-05-05 09:08:58 WORKER EXIT UNEXPECTED 
2016-05-05 09:09:02 WORKER EXIT UNEXPECTED 
2016-05-05 09:09:07 WORKER EXIT UNEXPECTED 
2016-05-05 09:09:19 WORKER EXIT UNEXPECTED 
2016-05-05 09:09:36 WORKER EXIT UNEXPECTED 
2016-05-05 09:09:42 WORKER EXIT UNEXPECTED 
2016-05-05 09:09:47 WORKER EXIT UNEXPECTED 
2016-05-05 09:09:59 WORKER EXIT UNEXPECTED 
2016-05-05 09:10:17 WORKER EXIT UNEXPECTED 
2016-05-05 09:10:18 WORKER EXIT UNEXPECTED 
2016-05-05 09:10:23 WORKER EXIT UNEXPECTED 
2016-05-05 09:10:27 WORKER EXIT UNEXPECTED 
2016-05-05 09:10:28 WORKER EXIT UNEXPECTED 
2016-05-05 09:10:39 WORKER EXIT UNEXPECTED 
2016-05-05 09:10:58 WORKER EXIT UNEXPECTED 
2016-05-05 09:11:01 WORKER EXIT UNEXPECTED 
2016-05-05 09:11:04 WORKER EXIT UNEXPECTED 
2016-05-05 09:11:07 WORKER EXIT UNEXPECTED 
2016-05-05 09:11:19 WORKER EXIT UNEXPECTED 
2016-05-05 09:11:39 WORKER EXIT UNEXPECTED 
2016-05-052016-05-15 23:39:14 Workerman[/home/webserver/online_tp/library/workerman/test.php] start in DEBUG mode
2016-05-15 23:39:45 Workerman[test.php] Stopping ...
2016-05-15 23:39:45 Workerman[test.php] has been stopped
2016-05-15 23:39:52 Workerman[/home/webserver/online_tp/library/workerman/test.php] start in DEBUG mode
2016-05-15 23:48:11 Workerman[test.php] start in DAEMON mode
2016-05-20 05:37:58 WORKER EXIT UNEXPECTED 
2016-05-20 05:38:08 WORKER EXIT UNEXPECTED 
2016-05-20 05:38:18 WORKER EXIT UNEXPECTED 
2016-05-20 05:38:28 WORKER EXIT UNEXPECTED 
2016-05-20 05:38:32 WORKER EXIT UNEXPECTED 
2016-05-20 05:38:34 WORKER EXIT UNEXPECTED 
2016-05-20 05:38:39 WORKER EXIT UNEXPECTED 
2016-05-20 05:38:48 WORKER EXIT UNEXPECTED 
2016-05-20 05:39:09 WORKER EXIT UNEXPECTED 
2016-05-20 05:39:12 WORKER EXIT UNEXPECTED 
2016-05-20 05:39:12 WORKER EXIT UNEXPECTED 
2016-05-20 05:39:15 WORKER EXIT UNEXPECTED 
2016-05-20 05:39:19 WORKER EXIT UNEXPECTED 
2016-05-20 05:39:22 WORKER EXIT UNEXPECTED 
2016-05-20 05:39:44 WORKER EXIT UNEXPECTED 
2016-05-20 05:39:50 WORKER EXIT UNEXPECTED 
2016-05-20 05:39:50 WORKER EXIT UNEXPECTED 
2016-05-20 05:39:52 WORKER EXIT UNEXPECTED 
2016-05-20 05:39:56 WORKER EXIT UNEXPECTED 
2016-05-20 05:40:01 WORKER EXIT UNEXPECTED 
2016-05-20 05:40:09 WORKER EXIT UNEXPECTED 
2016-05-20 05:40:20 WORKER EXIT UNEXPECTED 
2016-05-20 05:40:32 WORKER EXIT UNEXPECTED 
2016-05-20 05:40:36 WORKER EXIT UNEXPECTED 
2016-05-20 05:40:37 WORKER EXIT UNEXPECTED 
2016-05-20 05:40:38 WORKER EXIT UNEXPECTED 
2016-05-20 05:40:43 WORKER EXIT UNEXPECTED 
2016-05-20 05:40:51 WORKER EXIT UNEXPECTED 
2016-05-20 05:41:13 WORKER EXIT UNEXPECTED 
2016-05-20 05:41:17 WORKER EXIT UNEXPECTED 
2016-05-20 05:41:20 WORKER EXIT UNEXPECTED 
2016-05-20 05:41:21 WORKER EXIT UNEXPECTED 
2016-05-20 05:41:24 WORKER EXIT UNEXPECTED 
2016-05-20 05:41:45 WORKER EXIT UNEXPECTED 
2016-05-20 05:41:52 WORKER EXIT UNEXPECTED 
2016-05-20 05:41:54 WORKER EXIT UNEXPECTED 
2016-05-20 05:41:57 WORKER EXIT UNEXPECTED 
2016-05-20 05:42:00 WORKER EXIT UNEXPECTED 
2016-05-20 05:42:05 WORKER EXIT UNEXPECTED 
2016-05-20 05:42:10 WORKER EXIT UNEXPECTED 
2016-05-20 05:42:22 WORKER EXIT UNEXPECTED 
2016-05-20 05:42:35 WORKER EXIT UNEXPECTED 
2016-05-20 05:42:37 WORKER EXIT UNEXPECTED 
2016-05-20 05:42:41 WORKER EXIT UNEXPECTED 
2016-05-20 05:42:46 WORKER EXIT UNEXPECTED 
2016-05-20 05:42:53 WORKER EXIT UNEXPECTED 
2016-05-20 05:43:13 WORKER EXIT UNEXPECTED 
2016-05-20 05:43:17 WORKER EXIT UNEXPECTED 
2016-05-20 05:43:21 WORKER EXIT UNEXPECTED 
2016-05-20 05:43:22 WORKER EXIT UNEXPECTED 
2016-05-20 05:43:25 WORKER EXIT UNEXPECTED 
2016-05-20 05:43:25 WORKER EXIT UNEXPECTED 
2016-05-20 05:43:27 WORKER EXIT UNEXPECTED 
2016-05-20 05:43:45 WORKER EXIT UNEXPECTED 
2016-05-20 05:43:54 WORKER EXIT UNEXPECTED 
2016-05-20 05:43:58 WORKER EXIT UNEXPECTED 
2016-05-20 05:44:02 WORKER EXIT UNEXPECTED 
2016-05-20 05:44:03 WORKER EXIT UNEXPECTED 
2016-05-20 05:44:09 WORKER EXIT UNEXPECTED 
2016-05-20 05:44:11 WORKER EXIT UNEXPECTED 
2016-05-20 05:44:25 WORKER EXIT UNEXPECTED 
2016-05-20 05:44:39 WORKER EXIT UNEXPECTED 
2016-05-20 05:44:42 WORKER EXIT UNEXPECTED 
2016-05-20 05:44:44 WORKER EXIT UNEXPECTED 
2016-05-20 05:44:50 WORKER EXIT UNEXPECTED 
2016-05-20 05:44:55 WORKER EXIT UNEXPECTED 
2016-05-20 05:45:14 WORKER EXIT UNEXPECTED 
2016-05-20 05:45:21 WORKER EXIT UNEXPECTED 
2016-05-20 05:45:22 WORKER EXIT UNEXPECTED 
2016-05-20 05:45:25 WORKER EXIT UNEXPECTED 
2016-05-20 05:45:26 WORKER EXIT UNEXPECTED 
2016-05-20 05:45:31 WORKER EXIT UNEXPECTED 
2016-05-20 05:45:46 WORKER EXIT UNEXPECTED 
2016-05-20 05:45:56 WORKER EXIT UNEXPECTED 
2016-05-20 05:46:02 WORKER EXIT UNEXPECTED 
2016-05-20 05:46:07 WORKER EXIT UNEXPECTED 
2016-05-20 05:46:12 WORKER EXIT UNEXPECTED 
2016-05-20 05:46:13 WORKER EXIT UNEXPECTED 
2016-05-20 05:46:27 WORKER EXIT UNEXPECTED 
2016-05-20 05:46:42 WORKER EXIT UNEXPECTED 
2016-05-20 05:46:43 WORKER EXIT UNEXPECTED 
2016-05-20 05:46:48 WORKER EXIT UNEXPECTED 
2016-05-20 05:46:53 WORKER EXIT UNEXPECTED 
2016-05-20 05:46:57 WORKER EXIT UNEXPECTED 
2016-05-20 05:47:15 W2016-05-21 04:49:38 WORKER EXIT UNEXPECTED 
2016-05-21 04:49:49 WORKER EXIT UNEXPECTED 
2016-05-21 04:50:04 WORKER EXIT UNEXPECTED 
2016-05-21 04:50:13 WORKER EXIT UNEXPECTED 
2016-05-21 04:50:18 WORKER EXIT UNEXPECTED 
2016-05-21 04:50:31 WORKER EXIT UNEXPECTED 
2016-05-21 04:50:34 WORKER EXIT UNEXPECTED 
2016-05-21 04:50:49 WORKER EXIT UNEXPECTED 
2016-05-21 04:50:54 WORKER EXIT UNEXPECTED 
2016-05-21 04:50:59 WORKER EXIT UNEXPECTED 
2016-05-21 04:51:05 WORKER EXIT UNEXPECTED 
2016-05-21 04:51:12 WORKER EXIT UNEXPECTED 
2016-05-21 04:51:35 WORKER EXIT UNEXPECTED 
2016-05-21 04:51:38 WORKER EXIT UNEXPECTED 
2016-05-21 04:51:40 WORKER EXIT UNEXPECTED 
2016-05-21 04:51:53 WORKER EXIT UNEXPECTED 
2016-05-21 04:52:06 WORKER EXIT UNEXPECTED 
2016-05-21 04:52:16 WORKER EXIT UNEXPECTED 
2016-05-21 04:52:21 WORKER EXIT UNEXPECTED 
2016-05-21 04:52:34 WORKER EXIT UNEXPECTED 
2016-05-21 04:52:37 WORKER EXIT UNEXPECTED 
2016-05-21 04:52:50 WORKER EXIT UNEXPECTED 
2016-05-21 04:52:58 WORKER EXIT UNEXPECTED 
2016-05-21 04:53:02 WORKER EXIT UNEXPECTED 
2016-05-21 04:53:07 WORKER EXIT UNEXPECTED 
2016-05-21 04:53:16 WORKER EXIT UNEXPECTED 
2016-05-21 04:53:38 WORKER EXIT UNEXPECTED 
2016-05-21 04:53:41 WORKER EXIT UNEXPECTED 
2016-05-21 04:53:43 WORKER EXIT UNEXPECTED 
2016-05-21 04:53:57 WORKER EXIT UNEXPECTED 
2016-05-21 04:54:08 WORKER EXIT UNEXPECTED 
2016-05-21 04:54:20 WORKER EXIT UNEXPECTED 
2016-05-21 04:54:25 WORKER EXIT UNEXPECTED 
2016-05-21 04:54:38 WORKER EXIT UNEXPECTED 
2016-05-21 04:54:39 WORKER EXIT UNEXPECTED 
2016-05-21 04:54:50 WORKER EXIT UNEXPECTED 
2016-05-21 04:55:01 WORKER EXIT UNEXPECTED 
2016-05-21 04:55:06 WORKER EXIT UNEXPECTED 
2016-05-21 04:55:09 WORKER EXIT UNEXPECTED 
2016-05-21 04:55:20 WORKER EXIT UNEXPECTED 
2016-05-21 04:55:39 WORKER EXIT UNEXPECTED 
2016-05-21 04:55:40 WORKER EXIT UNEXPECTED 
2016-05-21 04:55:42 WORKER EXIT UNEXPECTED 
2016-05-21 04:55:47 WORKER EXIT UNEXPECTED 
2016-05-21 04:56:01 WORKER EXIT UNEXPECTED 
2016-05-21 04:56:10 WORKER EXIT UNEXPECTED 
2016-05-21 04:56:23 WORKER EXIT UNEXPECTED 
2016-05-21 04:56:28 WORKER EXIT UNEXPECTED 
2016-05-21 04:56:41 WORKER EXIT UNEXPECTED 
2016-05-21 04:56:42 WORKER EXIT UNEXPECTED 
2016-05-21 04:56:51 WORKER EXIT UNEXPECTED 
2016-05-21 04:57:04 WORKER EXIT UNEXPECTED 
2016-05-21 04:57:09 WORKER EXIT UNEXPECTED 
2016-05-21 04:57:12 WORKER EXIT UNEXPECTED 
2016-05-21 04:57:23 WORKER EXIT UNEXPECTED 
2016-05-21 04:57:40 WORKER EXIT UNEXPECTED 
2016-05-21 04:57:43 WORKER EXIT UNEXPECTED 
2016-05-21 04:57:45 WORKER EXIT UNEXPECTED 
2016-05-21 04:57:50 WORKER EXIT UNEXPECTED 
2016-05-21 04:58:05 WORKER EXIT UNEXPECTED 
2016-05-21 04:58:13 WORKER EXIT UNEXPECTED 
2016-05-21 04:58:27 WORKER EXIT UNEXPECTED 
2016-05-21 04:58:32 WORKER EXIT UNEXPECTED 
2016-05-21 04:58:43 WORKER EXIT UNEXPECTED 
2016-05-21 04:58:46 WORKER EXIT UNEXPECTED 
2016-05-21 04:58:52 WORKER EXIT UNEXPECTED 
2016-05-21 04:59:08 WORKER EXIT UNEXPECTED 
2016-05-21 04:59:13 WORKER EXIT UNEXPECTED 
2016-05-21 04:59:15 WORKER EXIT UNEXPECTED 
2016-05-21 04:59:27 WORKER EXIT UNEXPECTED 
2016-05-21 04:59:40 WORKER EXIT UNEXPECTED 
2016-05-21 04:59:44 WORKER EXIT UNEXPECTED 
2016-05-21 04:59:54 WORKER EXIT UNEXPECTED 
2016-05-21 05:00:08 WORKER EXIT UNEXPECTED 
2016-05-21 05:00:15 WORKER EXIT UNEXPECTED 
2016-05-21 05:00:30 WORKER EXIT UNEXPECTED 
2016-05-21 05:00:35 WORKER EXIT UNEXPECTED 
2016-05-21 05:00:45 WORKER EXIT UNEXPECTED 
2016-05-21 05:00:50 WORKER EXIT UNEXPECTED 
2016-05-21 05:00:52 WORKER EXIT UNEXPECTED 
2016-05-21 05:01:11 WORKER EXIT UNEXPECTED 
2016-05-21 05:01:16 WORKER EXIT UNEXPECTED 
2016-05-21 05:01:31 WORKER EXIT UNEXPECTED 
2016-05-21 05:01:44 WORKER EXIT UNEXPECTED 
2016-05-21 05:01:46 WORKER EXIT UNEXPECTED 
2016-05-21 05:01:52 WORKER EXIT UNEXPECTED 
2016-05-21 05:01:57 WORKER EXIT UNEXPECTED 
2016-05-21 05:02:12 WORKER EXIT UNEXPECTED 
2016-05-21 05:02:17 WORKER EXIT UNEXPECTED 
2016-05-21 05:02:33 WORKER EXIT UNEXPECTED 
2016-05-21 05:02:39 WORKER EXIT UNEXPECTED 
2016-05-21 05:02:48 WORKER EXIT UNEXPECTED 
2016-05-21 05:02:53 WORKER EXIT UNEXPECTED 
2016-05-21 05:02:55 WORKER EXIT UNEXPECTED 
2016-05-21 05:03:14 WORKER EXIT UNEXPECTED 
2016-05-21 05:03:18 WORKER EXIT UNEXPECTED 
2016-05-21 05:03:21 WORKER EXIT UNEXPECTED 
2016-05-21 05:03:35 WORKER EXIT UNEXPECTED 
2016-05-21 05:03:41 WORKER EXIT UNEXPECTED 
2016-05-21 05:03:49 WORKER EXIT UNEXPECTED 
2016-05-21 05:03:55 WORKER EXIT UNEXPECTED 
2016-05-21 05:04:01 WORKER EXIT UNEXPECTED 
2016-05-21 05:04:16 WORKER EXIT UNEXPECTED 
2016-05-21 05:04:19 WORKER EXIT UNEXPECTED 
2016-05-21 05:04:36 WORKER EXIT UNEXPECTED 
2016-05-21 05:04:42 WORKER EXIT UNEXPECTED 
2016-05-21 05:04:50 WORKER EXIT UNEXPECTED 
2016-05-21 05:04:54 WORKER EXIT UNEXPECTED 
2016-05-21 05:04:57 WORKER EXIT UNEXPECTED 
2016-05-21 05:05:18 WORKER EXIT UNEXPECTED 
2016-05-21 05:05:20 WORKER EXIT UNEXPECTED 
2016-05-21 05:05:23 WORKER EXIT UNEXPECTED 
2016-05-21 05:05:38 WORKER EXIT UNEXPECTED 
2016-05-21 05:05:42 WORKER EXIT UNEXPECTED 
2016-05-21 05:05:51 WORKER EXIT UNEXPECTED 
2016-05-21 05:05:59 WORKER EXIT UNEXPECTED 
2016-05-21 05:06:05 WORKER EXIT UNEXPECTED 
2016-05-21 05:06:20 WORKER EXIT UNEXPECTED 
2016-05-21 05:06:21 WORKER EXIT UNEXPECTED 
2016-05-21 05:06:40 WORKER EXIT UNEXPECTED 
2016-05-21 05:06:46 WORKER EXIT UNEXPECTED 
2016-05-21 05:06:52 WORKER EXIT UNEXPECTED 
2016-05-21 05:06:56 WORKER EXIT UNEXPECTED 
2016-05-21 05:07:01 WORKER EXIT UNEXPECTED 
2016-05-21 05:07:21 WORKER EXIT UNEXPECTED 
2016-05-21 05:07:23 WORKER EXIT UNEXPECTED 
2016-05-21 05:07:27 WORKER EXIT UNEXPECTED 
2016-05-21 05:07:42 WORKER EXIT UNEXPECTED 
2016-05-21 05:07:44 WORKER EXIT UNEXPECTED 
2016-05-21 05:07:53 WORKER EXIT UNEXPECTED 
2016-05-21 05:08:02 WORKER EXIT UNEXPECTED 
2016-05-21 05:08:08 WORKER EXIT UNEXPECTED 
2016-05-21 05:08:23 WORKER EXIT UNEXPECTED 
2016-05-21 05:08:24 WORKER EXIT UNEXPECTED 
2016-05-21 05:08:43 WORKER EXIT UNEXPECTED 
2016-05-21 05:08:49 WORKER EXIT UNEXPECTED 
2016-05-21 05:08:54 WORKER EXIT UNEXPECTED 
2016-05-21 05:09:09 WORKER EXIT UNEXPECTED 
2016-05-21 05:09:24 WORKER EXIT UNEXPECTED 
2016-05-21 05:09:25 WORKER EXIT UNEXPECTED 
2016-05-21 05:09:30 WORKER EXIT UNEXPECTED 
2016-05-21 05:09:43 WORKER EXIT UNEXPECTED 
2016-05-21 05:09:46 WORKER EXIT UNEXPECTED 
2016-05-21 05:09:55 WORKER EXIT UNEXPECTED 
2016-05-21 05:10:05 WORKER EXIT UNEXPECTED 
2016-05-21 05:10:12 WORKER EXIT UNEXPECTED 
2016-05-21 05:10:27 WORKER EXIT UNEXPECTED 
2016-05-21 05:10:27 WORKER EXIT UNEXPECTED 
2016-05-21 05:10:46 WORKER EXIT UNEXPECTED 
2016-05-21 05:10:53 WORKER EXIT UNEXPECTED 
2016-05-21 05:10:56 WORKER EXIT UNEXPECTED 
2016-05-21 05:10:56 WORKER EXIT UNEXPECTED 
2016-05-21 05:11:08 WORKER EXIT UNEXPECTED 
2016-05-21 05:11:28 WORKER EXIT UNEXPECTED 
2016-05-21 05:11:30 WORKER EXIT UNEXPECTED 
2016-05-21 05:11:34 WORKER EXIT UNEXPECTED 
2016-05-21 05:11:43 WORKER EXIT UNEXPECTED 
2016-05-21 05:11:50 WORKER EXIT UNEXPECTED 
2016-05-21 05:11:58 WORKER EXIT UNEXPECTED 
2016-05-21 05:12:09 WORKER EXIT UNEXPECTED 
2016-05-21 05:12:15 WORKER EXIT UNEXPECTED 
2016-05-21 05:12:31 WORKER EXIT UNEXPECTED 
2016-05-21 05:12:32 WORKER EXIT UNEXPECTED 
2016-05-21 05:12:50 WORKER EXIT UNEXPECTED 
2016-05-21 05:12:56 WORKER EXIT UNEXPECTED 
2016-05-21 05:12:56 WORKER EXIT UNEXPECTED 
2016-05-21 05:12:59 WORKER EXIT UNEXPECTED 
2016-05-21 05:13:12 WORKER EXIT UNEXPECTED 
2016-05-21 05:13:31 WORKER EXIT UNEXPECTED 
2016-05-21 05:13:37 WORKER EXIT UNEXPECTED 
2016-05-21 05:13:44 WORKER EXIT UNEXPECTED 
2016-05-21 05:13:54 WORKER EXIT UNEXPECTED 
2016-05-21 05:14:00 WORKER EXIT UNEXPECTED 
2016-05-21 05:14:12 WORKER EXIT UNEXPECTED 
2016-05-21 05:14:19 WORKER EXIT UNEXPECTED 
2016-05-21 05:14:30 WORKER EXIT UNEXPECTED 
2016-05-21 05:14:35 WORKER EXIT UNEXPECTED 
2016-05-21 05:14:53 WORKER EXIT UNEXPECTED 
2016-05-21 05:14:57 WORKER EXIT UNEXPECTED 
2016-05-21 05:15:00 WORKER EXIT UNEXPECTED 
2016-05-21 05:15:01 WORKER EXIT UNEXPECTED 
2016-05-21 05:15:16 WORKER EXIT UNEXPECTED 
2016-05-21 05:15:31 WORKER EXIT UNEXPECTED 
2016-05-21 05:15:34 WORKER EXIT UNEXPECTED 
2016-05-21 05:15:41 WORKER EXIT UNEXPECTED 
2016-05-21 05:15:44 WORKER EXIT UNEXPECTED 
2016-05-2016-05-21 09:30:20 WORKER EXIT UNEXPECTED 
2016-05-21 09:30:25 WORKER EXIT UNEXPECTED 
2016-05-21 09:30:29 WORKER EXIT UNEXPECTED 
2016-05-21 09:30:37 WORKER EXIT UNEXPECTED 
2016-05-21 09:30:49 WORKER EXIT UNEXPECTED 
2016-05-21 09:30:57 WORKER EXIT UNEXPECTED 
2016-05-21 09:31:08 WORKER EXIT UNEXPECTED 
2016-05-21 09:31:09 WORKER EXIT UNEXPECTED 
2016-05-21 09:31:10 WORKER EXIT UNEXPECTED 
2016-05-21 09:31:12 WORKER EXIT UNEXPECTED 
2016-05-21 09:31:38 WORKER EXIT UNEXPECTED 
2016-05-21 09:31:39 WORKER EXIT UNEXPECTED 
2016-05-21 09:31:48 WORKER EXIT UNEXPECTED 
2016-05-21 09:31:49 WORKER EXIT UNEXPECTED 
2016-06-01 19:16:44 WORKER EXIT UNEXPECTED 
2016-06-01 19:16:49 WORKER EXIT UNEXPECTED 
2016-06-01 19:17:01 WORKER EXIT UNEXPECTED 
2016-06-01 19:17:09 WORKER EXIT UNEXPECTED 
2016-06-01 19:17:26 WORKER EXIT UNEXPECTED 
2016-06-01 19:17:30 WORKER EXIT UNEXPECTED 
2016-06-01 19:17:40 WORKER EXIT UNEXPECTED 
2016-06-01 19:18:07 WORKER EXIT UNEXPECTED 
2016-06-01 19:18:10 WORKER EXIT UNEXPECTED 
2016-06-01 19:18:11 WORKER EXIT UNEXPECTED 
2016-06-01 19:18:41 WORKER EXIT UNEXPECTED 
2016-06-01 19:18:52 WORKER EXIT UNEXPECTED 
2016-06-01 19:18:52 WORKER EXIT UNEXPECTED 
2016-06-01 19:19:02 WORKER EXIT UNEXPECTED 
2016-06-01 19:19:12 WORKER EXIT UNEXPECTED 
2016-06-01 19:19:29 WORKER EXIT UNEXPECTED 
2016-06-01 19:19:34 WORKER EXIT UNEXPECTED 
2016-06-01 19:19:42 WORKER EXIT UNEXPECTED 
2016-06-01 19:20:10 WORKER EXIT UNEXPECTED 
2016-06-01 19:20:13 WORKER EXIT UNEXPECTED 
2016-06-01 19:20:14 WORKER EXIT UNEXPECTED 
2016-06-01 19:20:43 WORKER EXIT UNEXPECTED 
2016-06-01 19:20:56 WORKER EXIT UNEXPECTED 
2016-06-01 19:20:57 WORKER EXIT UNEXPECTED 
2016-06-01 19:21:03 WORKER EXIT UNEXPECTED 
2016-06-01 19:21:14 WORKER EXIT UNEXPECTED 
2016-06-01 19:21:33 WORKER EXIT UNEXPECTED 
2016-06-01 19:21:37 WORKER EXIT UNEXPECTED 
2016-06-01 19:21:44 WORKER EXIT UNEXPECTED 
2016-06-01 19:22:14 WORKER EXIT UNEXPECTED 
2016-06-01 19:22:15 WORKER EXIT UNEXPECTED 
2016-06-01 19:22:18 WORKER EXIT UNEXPECTED 
2016-06-01 19:22:46 WORKER EXIT UNEXPECTED 
2016-06-01 19:22:59 WORKER EXIT UNEXPECTED 
2016-06-01 19:23:04 WORKER EXIT UNEXPECTED 
2016-06-01 19:23:16 WORKER EXIT UNEXPECTED 
2016-06-01 19:23:36 WORKER EXIT UNEXPECTED 
2016-06-01 19:23:40 WORKER EXIT UNEXPECTED 
2016-06-01 19:23:47 WORKER EXIT UNEXPECTED 
2016-06-01 19:24:17 WORKER EXIT UNEXPECTED 
2016-06-01 19:24:17 WORKER EXIT UNEXPECTED 
2016-06-01 19:24:21 WORKER EXIT UNEXPECTED 
2016-06-01 19:24:48 WORKER EXIT UNEXPECTED 
2016-06-01 19:24:59 WORKER EXIT UNEXPECTED 
2016-06-01 19:25:02 WORKER EXIT UNEXPECTED 
2016-06-01 19:25:08 WORKER EXIT UNEXPECTED 
2016-06-01 19:25:18 WORKER EXIT UNEXPECTED 
2016-06-01 19:25:40 WORKER EXIT UNEXPECTED 
2016-06-01 19:25:44 WORKER EXIT UNEXPECTED 
2016-06-01 19:25:49 WORKER EXIT UNEXPECTED 
2016-06-01 19:26:19 WORKER EXIT UNEXPECTED 
2016-06-01 19:26:21 WORKER EXIT UNEXPECTED 
2016-06-01 19:26:25 WORKER EXIT UNEXPECTED 
2016-06-01 19:26:50 WORKER EXIT UNEXPECTED 
2016-06-01 19:27:02 WORKER EXIT UNEXPECTED 
2016-06-01 19:27:06 WORKER EXIT UNEXPECTED 
2016-06-01 19:27:12 WORKER EXIT UNEXPECTED 
2016-06-01 19:27:21 WORKER EXIT UNEXPECTED 
2016-06-01 19:27:43 WORKER EXIT UNEXPECTED 
2016-06-01 19:27:47 WORKER EXIT UNEXPECTED 
2016-06-01 19:27:51 WORKER EXIT UNEXPECTED 
2016-06-01 19:28:22 WORKER EXIT UNEXPECTED 
2016-06-01 19:28:24 WORKER EXIT UNEXPECTED 
2016-06-01 19:28:28 WORKER EXIT UNEXPECTED 
2016-06-01 19:28:52 WORKER EXIT UNEXPECTED 
2016-06-01 19:29:06 WORKER EXIT UNEXPECTED 
2016-06-01 19:29:06 WORKER EXIT UNEXPECTED 
2016-06-01 19:29:09 WORKER EXIT UNEXPECTED 
2016-06-01 19:29:23 WORKER EXIT UNEXPECTED 
2016-06-01 19:29:47 WORKER EXIT UNEXPECTED 
2016-06-01 19:29:51 WORKER EXIT UNEXPECTED 
2016-06-01 19:29:53 WORKER EXIT UNEXPECTED 
2016-06-01 19:30:24 WORKER EXIT UNEXPECTED 
2016-06-01 19:30:28 WORKER EXIT UNEXPECTED 
2016-06-01 19:30:32 WORKER EXIT UNEXPECTED 
2016-06-01 19:30:54 WORKER EXIT UNEXPECTED 
2016-06-01 19:31:07 WORKER EXIT UNEXPECTED 
2016-06-01 19:31:11 WORKER EXIT UNEXPECTED 
2016-06-01 19:31:16 WORKER EXIT UNEXPECTED 
20162016-06-02 04:02:04 WORKER EXIT UNEXPECTED 
2016-06-02 04:02:34 WORKER EXIT UNEXPECTED 
2016-06-02 04:02:39 WORKER EXIT UNEXPECTED 
2016-06-02 04:02:41 WORKER EXIT UNEXPECTED 
2016-06-02 04:03:05 WORKER EXIT UNEXPECTED 
2016-06-02 04:03:16 WORKER EXIT UNEXPECTED 
2016-06-02 04:03:25 WORKER EXIT UNEXPECTED 
2016-06-02 04:03:36 WORKER EXIT UNEXPECTED 
2016-06-02 04:04:01 WORKER EXIT UNEXPECTED 
2016-06-02 04:04:06 WORKER EXIT UNEXPECTED 
2016-06-02 04:04:37 WORKER EXIT UNEXPECTED 
2016-06-02 04:04:38 WORKER EXIT UNEXPECTED 
2016-06-02 04:04:41 WORKER EXIT UNEXPECTED 
2016-06-02 04:04:44 WORKER EXIT UNEXPECTED 
2016-06-02 04:05:07 WORKER EXIT UNEXPECTED 
2016-06-02 04:05:20 WORKER EXIT UNEXPECTED 
2016-06-02 04:05:29 WORKER EXIT UNEXPECTED 
2016-06-02 04:05:38 WORKER EXIT UNEXPECTED 
2016-06-02 04:06:05 WORKER EXIT UNEXPECTED 
2016-06-02 04:06:09 WORKER EXIT UNEXPECTED 
2016-06-02 04:06:39 WORKER EXIT UNEXPECTED 
2016-06-02 04:06:41 WORKER EXIT UNEXPECTED 
2016-06-02 04:06:42 WORKER EXIT UNEXPECTED 
2016-06-02 04:06:46 WORKER EXIT UNEXPECTED 
2016-06-02 04:07:10 WORKER EXIT UNEXPECTED 
2016-06-02 04:07:23 WORKER EXIT UNEXPECTED 
2016-06-02 04:07:40 WORKER EXIT UNEXPECTED 
2016-06-02 04:08:04 WORKER EXIT UNEXPECTED 
2016-06-02 04:08:08 WORKER EXIT UNEXPECTED 
2016-06-02 04:08:11 WORKER EXIT UNEXPECTED 
2016-06-02 04:08:42 WORKER EXIT UNEXPECTED 
2016-06-02 04:08:45 WORKER EXIT UNEXPECTED 
2016-06-02 04:08:49 WORKER EXIT UNEXPECTED 
2016-06-02 04:09:12 WORKER EXIT UNEXPECTED 
2016-06-02 04:09:26 WORKER EXIT UNEXPECTED 
2016-06-02 04:09:30 WORKER EXIT UNEXPECTED 
2016-06-02 04:09:43 WORKER EXIT UNEXPECTED 
2016-06-02 04:10:07 WORKER EXIT UNEXPECTED 
2016-06-02 04:10:12 WORKER EXIT UNEXPECTED 
2016-06-02 04:10:13 WORKER EXIT UNEXPECTED 
2016-06-02 04:10:42 WORKER EXIT UNEXPECTED 
2016-06-02 04:10:45 WORKER EXIT UNEXPECTED 
2016-06-02 04:10:49 WORKER EXIT UNEXPECTED 
2016-06-02 04:10:53 WORKER EXIT UNEXPECTED 
2016-06-02 04:11:14 WORKER EXIT UNEXPECTED 
2016-06-02 04:11:30 WORKER EXIT UNEXPECTED 
2016-06-02 04:11:34 WORKER EXIT UNEXPECTED 
2016-06-02 04:11:45 WORKER EXIT UNEXPECTED 
2016-06-02 04:12:11 WORKER EXIT UNEXPECTED 
2016-06-02 04:12:15 WORKER EXIT UNEXPECTED 
2016-06-02 04:12:16 WORKER EXIT UNEXPECTED 
2016-06-02 04:12:46 WORKER EXIT UNEXPECTED 
2016-06-02 04:12:52 WORKER EXIT UNEXPECTED 
2016-06-02 04:12:56 WORKER EXIT UNEXPECTED 
2016-06-02 04:13:17 WORKER EXIT UNEXPECTED 
2016-06-02 04:13:33 WORKER EXIT UNEXPECTED 
2016-06-02 04:13:38 WORKER EXIT UNEXPECTED 
2016-06-02 04:13:47 WORKER EXIT UNEXPECTED 
2016-06-02 04:14:14 WORKER EXIT UNEXPECTED 
2016-06-02 04:14:18 WORKER EXIT UNEXPECTED 
2016-06-02 04:14:19 WORKER EXIT UNEXPECTED 
2016-06-02 04:14:48 WORKER EXIT UNEXPECTED 
2016-06-02 04:14:51 WORKER EXIT UNEXPECTED 
2016-06-02 04:14:55 WORKER EXIT UNEXPECTED 
2016-06-02 04:15:00 WORKER EXIT UNEXPECTED 
2016-06-02 04:15:19 WORKER EXIT UNEXPECTED 
2016-06-02 04:15:37 WORKER EXIT UNEXPECTED 
2016-06-02 04:15:41 WORKER EXIT UNEXPECTED 
2016-06-02 04:15:51 WORKER EXIT UNEXPECTED 
2016-06-02 04:16:18 WORKER EXIT UNEXPECTED 
2016-06-02 04:16:22 WORKER EXIT UNEXPECTED 
2016-06-02 04:16:45 WORKER EXIT UNEXPECTED 
2016-06-02 04:16:52 WORKER EXIT UNEXPECTED 
2016-06-02 04:16:59 WORKER EXIT UNEXPECTED 
2016-06-02 04:17:03 WORKER EXIT UNEXPECTED 
2016-06-02 04:17:22 WORKER EXIT UNEXPECTED 
2016-06-02 04:17:40 WORKER EXIT UNEXPECTED 
2016-06-02 04:17:45 WORKER EXIT UNEXPECTED 
2016-06-02 04:17:55 WORKER EXIT UNEXPECTED 
2016-06-02 04:18:21 WORKER EXIT UNEXPECTED 
2016-06-02 04:18:23 WORKER EXIT UNEXPECTED 
2016-06-02 04:18:26 WORKER EXIT UNEXPECTED 
2016-06-02 04:18:46 WORKER EXIT UNEXPECTED 
2016-06-02 04:18:57 WORKER EXIT UNEXPECTED 
2016-06-02 04:19:02 WORKER EXIT UNEXPECTED 
2016-06-02 04:19:07 WORKER EXIT UNEXPECTED 
2016-06-02 04:19:24 WORKER EXIT UNEXPECTED 
2016-06-02 04:19:48 WORKER EXIT UNEXPECTED 
2016-06-02 04:20:05 WORKER EXIT UNEXPECTED 
2016-06-02 04:20:24 WORKER EXIT UNEXPECTED 
2016-06-02 04:20:25 WORKER EXIT UNEXPECTED 
2016-06-02 04:20:29 WORKER EXIT UNEXPECTED 
2016-06-02 04:20:46 WORKER EXIT UNEXPECTED 
20162016-07-05 23:12:51 Workerman[test.php] restart 
2016-07-05 23:12:51 Workerman[test.php] is stoping ...
2016-07-05 23:12:51 Workerman[test.php] Stopping ...
2016-07-05 23:12:51 Workerman[test.php] has been stopped
2016-07-05 23:12:52 Workerman[test.php] stop success
2016-07-05 23:13:01 Workerman[test.php] Stopping ...
2016-07-05 23:13:01 Workerman[test.php] has been stopped
2016-07-05 23:13:10 Workerman[test.php] start in DAEMON mode
2016-07-05 23:19:36 Workerman[test.php] stop 
2016-07-05 23:19:36 Workerman[test.php] is stoping ...
2016-07-05 23:19:36 Workerman[test.php] Stopping ...
2016-07-05 23:19:36 Workerman[test.php] has been stopped
2016-07-05 23:19:36 Workerman[test.php] stop success
2016-07-05 23:20:05 Workerman[test.php] start in DAEMON mode
2016-07-07 07:49:06 Workerman[test.php] status 
2016-07-07 07:49:36 Workerman[test.php] stop 
2016-07-07 07:49:36 Workerman[test.php] is stoping ...
2016-07-07 07:49:36 Workerman[test.php] Stopping ...
2016-07-07 07:49:36 Workerman[test.php] has been stopped
2016-07-07 07:49:36 Workerman[test.php] stop success
2016-07-07 07:49:41 Workerman[test.php] start in DEBUG mode
2016-07-07 07:50:53 Workerman[test.php] Stopping ...
2016-07-07 07:50:53 Workerman[test.php] has been stopped
2016-07-07 07:50:56 Workerman[test.php] start in DEBUG mode
2016-07-07 07:51:06 Workerman[test.php] Stopping ...
2016-07-07 07:51:06 Workerman[test.php] has been stopped
2016-07-07 07:51:09 Workerman[test.php] start in DAEMON mode
2016-07-07 08:01:28 Workerman[test.php] stop 
2016-07-07 08:01:28 Workerman[test.php] is stoping ...
2016-07-07 08:01:28 Workerman[test.php] Stopping ...
2016-07-07 08:01:28 Workerman[test.php] has been stopped
2016-07-07 08:01:28 Workerman[test.php] stop success
2016-07-07 08:01:32 Workerman[test.php] start in DEBUG mode
2016-07-07 08:11:02 Workerman[test.php] status 
2016-07-07 08:11:02 Workerman[test.php] not run
2016-07-07 08:11:14 Workerman[test.php] php 
2016-07-07 08:11:14 Workerman[test.php] not run
2016-07-07 08:11:20 Workerman[test.php] status 
2016-07-07 08:11:20 Workerman[test.php] not run
2016-07-07 08:11:49 Workerman[test.php] start in DAEMON mode
2016-07-07 10:20:42 Workerman[test.php] stop 
2016-07-07 10:20:42 Workerman[test.php] is stoping ...
2016-07-07 10:20:42 Workerman[test.php] Stopping ...
2016-07-07 10:20:42 Workerman[test.php] has been stopped
2016-07-07 10:20:42 Workerman[test.php] stop success
2016-07-07 10:20:49 Workerman[test.php] start in DAEMON mode
