2016-08-10 13:48:42 {"PHPSESSID":"hnkpg18dsdp1miq1qhi8go3ek1"}
2016-08-10 13:48:44 {"PHPSESSID":"hnkpg18dsdp1miq1qhi8go3ek1"}
2016-08-10 13:48:44 {"PHPSESSID":"hnkpg18dsdp1miq1qhi8go3ek1"}
2016-08-10 13:48:45 {"PHPSESSID":"hnkpg18dsdp1miq1qhi8go3ek1"}
2016-08-10 13:48:46 {"PHPSESSID":"hnkpg18dsdp1miq1qhi8go3ek1"}
2016-08-10 13:48:49 {"PHPSESSID":"hnkpg18dsdp1miq1qhi8go3ek1"}
2016-08-10 14:07:50 {"PHPSESSID":"hnkpg18dsdp1miq1qhi8go3ek1"}
2016-08-10 14:15:58 {"PHPSESSID":"hnkpg18dsdp1miq1qhi8go3ek1"}
2016-08-10 14:17:13 {"PHPSESSID":"hnkpg18dsdp1miq1qhi8go3ek1"}
2016-08-10 14:17:18 {"PHPSESSID":"hnkpg18dsdp1miq1qhi8go3ek1"}
2016-08-10 14:19:17 {"PHPSESSID":"hnkpg18dsdp1miq1qhi8go3ek1"}
2016-08-10 14:20:10 {"PHPSESSID":"hnkpg18dsdp1miq1qhi8go3ek1"}
2016-08-10 14:21:11 {"PHPSESSID":"hnkpg18dsdp1miq1qhi8go3ek1"}
2016-08-10 14:21:17 {"PHPSESSID":"hnkpg18dsdp1miq1qhi8go3ek1"}
2016-08-10 14:21:19 {"PHPSESSID":"hnkpg18dsdp1miq1qhi8go3ek1"}
2016-08-10 14:21:20 {"PHPSESSID":"hnkpg18dsdp1miq1qhi8go3ek1"}
2016-08-10 14:21:20 {"PHPSESSID":"hnkpg18dsdp1miq1qhi8go3ek1"}
2016-08-10 14:21:30 {"PHPSESSID":"hnkpg18dsdp1miq1qhi8go3ek1"}
2016-08-10 14:21:33 {"PHPSESSID":"hnkpg18dsdp1miq1qhi8go3ek1"}
2016-08-10 14:21:35 {"PHPSESSID":"hnkpg18dsdp1miq1qhi8go3ek1"}
2016-08-10 14:21:36 {"PHPSESSID":"hnkpg18dsdp1miq1qhi8go3ek1"}
2016-08-10 14:21:37 {"PHPSESSID":"hnkpg18dsdp1miq1qhi8go3ek1"}
2016-08-10 14:24:15 {"PHPSESSID":"hnkpg18dsdp1miq1qhi8go3ek1"}
2016-08-10 14:28:46 {"PHPSESSID":"hnkpg18dsdp1miq1qhi8go3ek1"}
2016-08-10 15:03:23 {"PHPSESSID":"hnkpg18dsdp1miq1qhi8go3ek1"}
2016-08-10 15:04:30 {"PHPSESSID":"hnkpg18dsdp1miq1qhi8go3ek1"}
2016-08-10 15:07:36 {"PHPSESSID":"hnkpg18dsdp1miq1qhi8go3ek1","index\/index":""}
2016-08-10 15:07:38 {"PHPSESSID":"hnkpg18dsdp1miq1qhi8go3ek1","index\/index":""}
2016-08-10 15:07:48 {"PHPSESSID":"hnkpg18dsdp1miq1qhi8go3ek1","api\/api":""}
2016-08-10 15:07:50 {"PHPSESSID":"hnkpg18dsdp1miq1qhi8go3ek1","api\/api":""}
2016-08-10 15:07:51 {"PHPSESSID":"hnkpg18dsdp1miq1qhi8go3ek1","api\/api":""}
2016-08-10 15:07:52 {"PHPSESSID":"hnkpg18dsdp1miq1qhi8go3ek1","api\/api":""}
2016-08-10 15:08:14 {"PHPSESSID":"hnkpg18dsdp1miq1qhi8go3ek1","api":""}
2016-08-10 15:08:15 {"PHPSESSID":"hnkpg18dsdp1miq1qhi8go3ek1","api":""}
2016-08-10 15:08:15 {"PHPSESSID":"hnkpg18dsdp1miq1qhi8go3ek1","api":""}
2016-08-10 15:08:16 {"PHPSESSID":"hnkpg18dsdp1miq1qhi8go3ek1","api":""}
2016-08-10 15:08:17 {"PHPSESSID":"hnkpg18dsdp1miq1qhi8go3ek1","api":""}
2016-08-10 15:08:18 {"PHPSESSID":"hnkpg18dsdp1miq1qhi8go3ek1","api":""}
2016-08-10 15:08:43 {"PHPSESSID":"hnkpg18dsdp1miq1qhi8go3ek1","api":""}
2016-08-10 15:08:44 {"PHPSESSID":"hnkpg18dsdp1miq1qhi8go3ek1","api":""}
2016-08-10 15:08:45 {"PHPSESSID":"hnkpg18dsdp1miq1qhi8go3ek1","api":""}
2016-08-10 15:08:46 {"PHPSESSID":"hnkpg18dsdp1miq1qhi8go3ek1","api":""}
2016-08-10 15:08:46 {"PHPSESSID":"hnkpg18dsdp1miq1qhi8go3ek1","api":""}
2016-08-10 15:08:49 {"PHPSESSID":"hnkpg18dsdp1miq1qhi8go3ek1","api":""}
2016-08-10 15:08:49 {"PHPSESSID":"hnkpg18dsdp1miq1qhi8go3ek1","api":""}
2016-08-10 15:08:50 {"PHPSESSID":"hnkpg18dsdp1miq1qhi8go3ek1","api":""}
2016-08-10 15:08:50 {"PHPSESSID":"hnkpg18dsdp1miq1qhi8go3ek1","api":""}
2016-08-10 15:08:51 {"PHPSESSID":"hnkpg18dsdp1miq1qhi8go3ek1","api":""}
2016-08-10 15:08:52 {"PHPSESSID":"hnkpg18dsdp1miq1qhi8go3ek1","api":""}
2016-08-10 15:09:02 {"PHPSESSID":"hnkpg18dsdp1miq1qhi8go3ek1","c":"api"}
2016-08-10 15:09:03 {"PHPSESSID":"hnkpg18dsdp1miq1qhi8go3ek1","c":"api"}
2016-08-10 15:09:04 {"PHPSESSID":"hnkpg18dsdp1miq1qhi8go3ek1","c":"api"}
2016-08-10 15:09:04 {"PHPSESSID":"hnkpg18dsdp1miq1qhi8go3ek1","c":"api"}
2016-08-10 15:09:16 {"PHPSESSID":"hnkpg18dsdp1miq1qhi8go3ek1","c":"api"}
2016-08-10 15:09:17 {"PHPSESSID":"hnkpg18dsdp1miq1qhi8go3ek1","c":"api"}
2016-08-10 15:09:17 {"PHPSESSID":"hnkpg18dsdp1miq1qhi8go3ek1","c":"api"}
2016-08-10 15:09:18 {"PHPSESSID":"hnkpg18dsdp1miq1qhi8go3ek1","c":"api"}
2016-08-10 15:09:19 {"PHPSESSID":"hnkpg18dsdp1miq1qhi8go3ek1","c":"api"}
2016-08-10 15:09:29 {"PHPSESSID":"hnkpg18dsdp1miq1qhi8go3ek1","c":"Api"}
2016-08-10 15:09:32 {"PHPSESSID":"hnkpg18dsdp1miq1qhi8go3ek1","c":"Api"}
2016-08-10 15:10:02 {"PHPSESSID":"hnkpg18dsdp1miq1qhi8go3ek1"}
2016-08-10 15:10:03 {"PHPSESSID":"hnkpg18dsdp1miq1qhi8go3ek1"}
2016-08-10 15:11:10 {"PHPSESSID":"hnkpg18dsdp1miq1qhi8go3ek1"}
2016-08-10 15:37:41 {"PHPSESSID":"hnkpg18dsdp1miq1qhi8go3ek1","c":"api","a":"index"}
2016-08-10 15:38:49 {"PHPSESSID":"hnkpg18dsdp1miq1qhi8go3ek1","c":"api","a":"api"}
2016-08-10 15:38:56 {"PHPSESSID":"hnkpg18dsdp1miq1qhi8go3ek1","c":"api","a":"api"}
2016-08-10 15:38:56 {"PHPSESSID":"hnkpg18dsdp1miq1qhi8go3ek1","c":"api","a":"api"}
2016-08-10 15:39:12 {"PHPSESSID":"hnkpg18dsdp1miq1qhi8go3ek1","c":"api","a":"api","b":"api"}
2016-08-10 15:39:14 {"PHPSESSID":"hnkpg18dsdp1miq1qhi8go3ek1","c":"api","a":"api","b":"api"}
2016-08-10 15:39:15 {"PHPSESSID":"hnkpg18dsdp1miq1qhi8go3ek1","c":"api","a":"api","b":"api"}
2016-08-10 15:39:15 {"PHPSESSID":"hnkpg18dsdp1miq1qhi8go3ek1","c":"api","a":"api","b":"api"}
2016-08-10 15:39:15 {"PHPSESSID":"hnkpg18dsdp1miq1qhi8go3ek1","c":"api","a":"api","b":"api"}
2016-08-10 15:39:15 {"PHPSESSID":"hnkpg18dsdp1miq1qhi8go3ek1","c":"api","a":"api","b":"api"}
2016-08-10 15:39:15 {"PHPSESSID":"hnkpg18dsdp1miq1qhi8go3ek1","c":"api","a":"api","b":"api"}
2016-08-10 15:39:25 {"PHPSESSID":"hnkpg18dsdp1miq1qhi8go3ek1","c":"api","a":"api","b":"api"}
2016-08-10 15:39:26 {"PHPSESSID":"hnkpg18dsdp1miq1qhi8go3ek1","c":"api","a":"api","b":"api"}
2016-08-10 15:39:39 {"PHPSESSID":"hnkpg18dsdp1miq1qhi8go3ek1"}
2016-08-10 15:39:43 {"PHPSESSID":"hnkpg18dsdp1miq1qhi8go3ek1"}
2016-08-10 15:44:20 {"PHPSESSID":"hnkpg18dsdp1miq1qhi8go3ek1","c":"api"}
2016-08-10 15:44:36 {"PHPSESSID":"hnkpg18dsdp1miq1qhi8go3ek1","c":"api","a":"api"}
2016-08-10 15:44:41 {"PHPSESSID":"hnkpg18dsdp1miq1qhi8go3ek1","c":"api","a":"api"}
2016-08-10 15:44:42 {"PHPSESSID":"hnkpg18dsdp1miq1qhi8go3ek1","c":"api","a":"api"}
2016-08-10 15:44:42 {"PHPSESSID":"hnkpg18dsdp1miq1qhi8go3ek1","c":"api","a":"api"}
2016-08-10 15:44:43 {"PHPSESSID":"hnkpg18dsdp1miq1qhi8go3ek1","c":"api","a":"api"}
2016-08-10 15:45:55 {"PHPSESSID":"hnkpg18dsdp1miq1qhi8go3ek1"}
2016-08-10 15:46:32 {"PHPSESSID":"hnkpg18dsdp1miq1qhi8go3ek1"}
2016-08-10 15:46:37 {"PHPSESSID":"hnkpg18dsdp1miq1qhi8go3ek1","c":"api","a":"api"}
2016-08-10 17:04:53 {"PHPSESSID":"hnkpg18dsdp1miq1qhi8go3ek1"}
2016-08-10 17:05:04 {"PHPSESSID":"hnkpg18dsdp1miq1qhi8go3ek1"}
2016-08-11 11:53:39 []
2016-08-11 11:53:51 {"PHPSESSID":"urohqvcgimrfp2q7lkpv6gq982"}
2016-08-11 11:54:31 {"PHPSESSID":"urohqvcgimrfp2q7lkpv6gq982"}
2016-08-11 11:54:32 {"PHPSESSID":"urohqvcgimrfp2q7lkpv6gq982"}
2016-08-11 11:54:32 {"PHPSESSID":"urohqvcgimrfp2q7lkpv6gq982"}
2016-08-11 11:54:32 {"PHPSESSID":"urohqvcgimrfp2q7lkpv6gq982"}
2016-08-11 11:56:19 {"PHPSESSID":"urohqvcgimrfp2q7lkpv6gq982"}
2016-08-11 11:57:11 {"PHPSESSID":"urohqvcgimrfp2q7lkpv6gq982"}
2016-08-11 11:57:58 {"PHPSESSID":"urohqvcgimrfp2q7lkpv6gq982"}
2016-08-11 12:10:45 {"PHPSESSID":"urohqvcgimrfp2q7lkpv6gq982"}
2016-08-11 12:11:48 {"PHPSESSID":"urohqvcgimrfp2q7lkpv6gq982"}
2016-08-11 12:11:48 {"PHPSESSID":"urohqvcgimrfp2q7lkpv6gq982"}
2016-08-11 12:11:49 {"PHPSESSID":"urohqvcgimrfp2q7lkpv6gq982"}
2016-08-11 12:11:49 {"PHPSESSID":"urohqvcgimrfp2q7lkpv6gq982"}
2016-08-11 12:12:11 {"PHPSESSID":"urohqvcgimrfp2q7lkpv6gq982"}
2016-08-11 12:12:12 {"PHPSESSID":"urohqvcgimrfp2q7lkpv6gq982"}
2016-08-11 12:13:17 {"PHPSESSID":"urohqvcgimrfp2q7lkpv6gq982"}
2016-08-11 12:14:20 {"PHPSESSID":"urohqvcgimrfp2q7lkpv6gq982"}
2016-08-11 12:14:43 {"PHPSESSID":"urohqvcgimrfp2q7lkpv6gq982"}
2016-08-11 12:15:43 {"PHPSESSID":"urohqvcgimrfp2q7lkpv6gq982"}
2016-08-11 12:22:11 {"PHPSESSID":"urohqvcgimrfp2q7lkpv6gq982"}
2016-08-11 12:23:46 {"PHPSESSID":"urohqvcgimrfp2q7lkpv6gq982"}
2016-08-11 12:25:27 {"PHPSESSID":"urohqvcgimrfp2q7lkpv6gq982"}
2016-08-11 12:25:53 {"PHPSESSID":"urohqvcgimrfp2q7lkpv6gq982"}
2016-08-11 13:36:20 {"PHPSESSID":"urohqvcgimrfp2q7lkpv6gq982"}
2016-08-11 13:36:20 {"PHPSESSID":"urohqvcgimrfp2q7lkpv6gq982"}
2016-08-11 13:36:21 {"PHPSESSID":"urohqvcgimrfp2q7lkpv6gq982"}
2016-08-11 13:40:09 {"PHPSESSID":"urohqvcgimrfp2q7lkpv6gq982"}
2016-08-11 13:40:11 {"PHPSESSID":"urohqvcgimrfp2q7lkpv6gq982"}
2016-08-11 13:40:11 {"PHPSESSID":"urohqvcgimrfp2q7lkpv6gq982"}
2016-08-11 13:40:12 {"PHPSESSID":"urohqvcgimrfp2q7lkpv6gq982"}
2016-08-11 13:40:42 {"PHPSESSID":"urohqvcgimrfp2q7lkpv6gq982"}
2016-08-11 13:41:04 {"PHPSESSID":"urohqvcgimrfp2q7lkpv6gq982"}
2016-08-11 13:42:05 {"PHPSESSID":"urohqvcgimrfp2q7lkpv6gq982"}
2016-08-11 13:42:47 {"PHPSESSID":"urohqvcgimrfp2q7lkpv6gq982"}
2016-08-11 13:43:01 {"PHPSESSID":"urohqvcgimrfp2q7lkpv6gq982"}
2016-08-11 13:44:32 {"PHPSESSID":"urohqvcgimrfp2q7lkpv6gq982"}
2016-08-11 13:44:33 {"PHPSESSID":"urohqvcgimrfp2q7lkpv6gq982"}
2016-08-11 14:19:44 {"PHPSESSID":"urohqvcgimrfp2q7lkpv6gq982"}
2016-08-11 14:20:54 {"PHPSESSID":"urohqvcgimrfp2q7lkpv6gq982"}
2016-08-11 14:20:55 {"PHPSESSID":"urohqvcgimrfp2q7lkpv6gq982"}
2016-08-11 14:21:05 {"PHPSESSID":"urohqvcgimrfp2q7lkpv6gq982"}
2016-08-11 14:22:17 {"PHPSESSID":"urohqvcgimrfp2q7lkpv6gq982"}
2016-08-11 14:24:32 {"PHPSESSID":"urohqvcgimrfp2q7lkpv6gq982"}
2016-08-11 14:25:33 {"PHPSESSID":"urohqvcgimrfp2q7lkpv6gq982","appid":"72DE3DAA-3088-4F5D-BD1C-3449220A6707"}
2016-08-11 15:04:19 {"PHPSESSID":"urohqvcgimrfp2q7lkpv6gq982","appid":"72DE3DAA-3088-4F5D-BD1C-3449220A6707"}
2016-08-11 15:20:03 {"PHPSESSID":"urohqvcgimrfp2q7lkpv6gq982"}
2016-08-11 15:20:03 {"PHPSESSID":"urohqvcgimrfp2q7lkpv6gq982"}
2016-08-11 15:20:40 {"PHPSESSID":"urohqvcgimrfp2q7lkpv6gq982"}
2016-08-11 15:22:16 {"PHPSESSID":"urohqvcgimrfp2q7lkpv6gq982"}
2016-08-11 15:24:23 {"PHPSESSID":"urohqvcgimrfp2q7lkpv6gq982"}
2016-08-12 09:57:36 {"api":""}
2016-08-12 09:57:53 {"PHPSESSID":"elsdffu8psjcti1eiphub9ovg6","appid":"1469786937342105","selfAppid":"72DE3DAA-3088-4F5D-BD1C-3449220A6707"}
2016-08-12 10:04:43 {"PHPSESSID":"elsdffu8psjcti1eiphub9ovg6","appid":"E2B9027B-4669-49C4-8BF9-52DAF0DC8666","selfAppid":"06010111621603000862"}
2016-08-12 10:12:09 {"PHPSESSID":"elsdffu8psjcti1eiphub9ovg6","appid":"94534B90-855D-4926-A9FB-C93A31C6BDAE","selfAppid":"06010111621603000862"}
2016-08-12 10:14:30 {"PHPSESSID":"elsdffu8psjcti1eiphub9ovg6","appid":"E2B9027B-4669-49C4-8BF9-52DAF0DC8666","selfAppid":"06010111621603000862"}
2016-08-12 10:15:25 {"PHPSESSID":"elsdffu8psjcti1eiphub9ovg6","appid":"E2B9027B-4669-49C4-8BF9-52DAF0DC8666","selfAppid":"06010111621603000862"}
2016-08-12 10:15:30 {"PHPSESSID":"elsdffu8psjcti1eiphub9ovg6","appid":"E2B9027B-4669-49C4-8BF9-52DAF0DC8666","selfAppid":"06010111621603000862"}
2016-08-12 10:15:39 {"PHPSESSID":"elsdffu8psjcti1eiphub9ovg6","appid":"E2B9027B-4669-49C4-8BF9-52DAF0DC8666","selfAppid":"06010111621603000862"}
2016-08-12 10:16:35 {"PHPSESSID":"elsdffu8psjcti1eiphub9ovg6","appid":"E2B9027B-4669-49C4-8BF9-52DAF0DC8666","selfAppid":"06010111621603000862"}
2016-08-12 10:21:44 {"PHPSESSID":"elsdffu8psjcti1eiphub9ovg6","appid":"E2B9027B-4669-49C4-8BF9-52DAF0DC8666","selfAppid":"06010111621603000862"}
2016-08-12 10:24:13 {"PHPSESSID":"elsdffu8psjcti1eiphub9ovg6","appid":"E2B9027B-4669-49C4-8BF9-52DAF0DC8666","selfAppid":"06010111621603000862"}
2016-08-12 10:24:57 {"PHPSESSID":"elsdffu8psjcti1eiphub9ovg6","appid":"E2B9027B-4669-49C4-8BF9-52DAF0DC8666","selfAppid":"06010111621603000862"}
2016-08-12 10:26:05 {"PHPSESSID":"elsdffu8psjcti1eiphub9ovg6","selfAppid":"1"}
2016-08-12 10:28:03 {"PHPSESSID":"elsdffu8psjcti1eiphub9ovg6","s":"1"}
2016-08-12 10:28:16 {"PHPSESSID":"elsdffu8psjcti1eiphub9ovg6","s":"1"}
2016-08-12 10:29:03 {"PHPSESSID":"elsdffu8psjcti1eiphub9ovg6","s":"111111111111111111"}
2016-08-12 10:29:15 {"PHPSESSID":"elsdffu8psjcti1eiphub9ovg6","appid":"E2B9027B-4669-49C4-8BF9-52DAF0DC8666","selfAppid":"06010111621603000862"}
2016-08-12 10:29:45 {"PHPSESSID":"elsdffu8psjcti1eiphub9ovg6","appid":"E2B9027B-4669-49C4-8BF9-52DAF0DC8666","selfAppid":"06010111621603000862"}
2016-08-12 10:30:21 {"PHPSESSID":"elsdffu8psjcti1eiphub9ovg6","appid":"E2B9027B-4669-49C4-8BF9-52DAF0DC8666","selfAppid":"06010111621603000862"}
2016-08-12 10:30:55 {"PHPSESSID":"elsdffu8psjcti1eiphub9ovg6"}
2016-08-12 10:31:29 {"PHPSESSID":"elsdffu8psjcti1eiphub9ovg6"}
2016-08-12 10:31:31 {"PHPSESSID":"elsdffu8psjcti1eiphub9ovg6"}
2016-08-12 10:31:32 {"PHPSESSID":"elsdffu8psjcti1eiphub9ovg6"}
2016-08-12 10:31:33 {"PHPSESSID":"elsdffu8psjcti1eiphub9ovg6"}
2016-08-12 10:31:34 {"PHPSESSID":"elsdffu8psjcti1eiphub9ovg6"}
2016-08-12 10:31:34 {"PHPSESSID":"elsdffu8psjcti1eiphub9ovg6"}
2016-08-12 10:32:02 {"PHPSESSID":"elsdffu8psjcti1eiphub9ovg6","appid":"E2B9027B-4669-49C4-8BF9-52DAF0DC8666","selfAppid":"06010111621603000862"}
2016-08-12 10:32:03 {"PHPSESSID":"elsdffu8psjcti1eiphub9ovg6","appid":"E2B9027B-4669-49C4-8BF9-52DAF0DC8666","selfAppid":"06010111621603000862"}
2016-08-12 10:32:12 {"PHPSESSID":"elsdffu8psjcti1eiphub9ovg6","appid":"E2B9027B-4669-49C4-8BF9-52DAF0DC8666","selfAppid":"06010111621603000862"}
2016-08-12 10:33:14 {"PHPSESSID":"elsdffu8psjcti1eiphub9ovg6"}
2016-08-12 10:33:28 {"PHPSESSID":"elsdffu8psjcti1eiphub9ovg6","appid":"E2B9027B-4669-49C4-8BF9-52DAF0DC8666","selfAppid":"06010111621603000862"}
2016-08-12 10:36:54 {"PHPSESSID":"elsdffu8psjcti1eiphub9ovg6","appid":"E2B9027B-4669-49C4-8BF9-52DAF0DC8666","selfAppid":"06010111621603000862"}
2016-08-12 10:37:21 {"PHPSESSID":"elsdffu8psjcti1eiphub9ovg6","appid":"E2B9027B-4669-49C4-8BF9-52DAF0DC8666","selfAppid":"06010111621603000862"}
2016-08-12 10:37:55 {"PHPSESSID":"elsdffu8psjcti1eiphub9ovg6","appid":"E2B9027B-4669-49C4-8BF9-52DAF0DC8666","selfAppid":"06010111621603000862"}
2016-08-12 10:38:08 {"PHPSESSID":"elsdffu8psjcti1eiphub9ovg6","appid":"E2B9027B-4669-49C4-8BF9-52DAF0DC8666","selfAppid":"06010111621603000862"}
2016-08-12 10:38:21 {"PHPSESSID":"elsdffu8psjcti1eiphub9ovg6","appid":"E2B9027B-4669-49C4-8BF9-52DAF0DC8666","selfAppid":"06010111621603000862"}
2016-08-12 10:39:01 {"PHPSESSID":"elsdffu8psjcti1eiphub9ovg6","appid":"E2B9027B-4669-49C4-8BF9-52DAF0DC8666","selfAppid":"06010111621603000862"}
2016-08-12 10:39:19 {"PHPSESSID":"elsdffu8psjcti1eiphub9ovg6","appid":"E2B9027B-4669-49C4-8BF9-52DAF0DC8666","selfAppid":"06010111621603000862"}
2016-08-12 10:40:42 {"PHPSESSID":"elsdffu8psjcti1eiphub9ovg6","appid":"E2B9027B-4669-49C4-8BF9-52DAF0DC8666","selfAppid":"06010111621603000862"}
2016-08-12 10:41:24 {"PHPSESSID":"elsdffu8psjcti1eiphub9ovg6","appid":"E2B9027B-4669-49C4-8BF9-52DAF0DC8666","selfAppid":"06010111621603000862"}
2016-08-12 10:42:19 {"PHPSESSID":"elsdffu8psjcti1eiphub9ovg6","appid":"E2B9027B-4669-49C4-8BF9-52DAF0DC8666","selfAppid":"06010111621603000862"}
2016-08-12 10:46:14 {"PHPSESSID":"elsdffu8psjcti1eiphub9ovg6","appid":"E2B9027B-4669-49C4-8BF9-52DAF0DC8666","selfAppid":"06010111621603000862"}
2016-08-12 10:46:18 {"PHPSESSID":"elsdffu8psjcti1eiphub9ovg6","appid":"E2B9027B-4669-49C4-8BF9-52DAF0DC8666","selfAppid":"06010111621603000862"}
2016-08-12 11:09:12 {"PHPSESSID":"elsdffu8psjcti1eiphub9ovg6","appid":"E2B9027B-4669-49C4-8BF9-52DAF0DC8666","selfAppid":"06010111621603000862"}
2016-08-12 11:10:21 {"PHPSESSID":"elsdffu8psjcti1eiphub9ovg6","appid":"E2B9027B-4669-49C4-8BF9-52DAF0DC8666","selfAppid":"06010111621603000862"}
2016-08-12 11:31:00 {"PHPSESSID":"elsdffu8psjcti1eiphub9ovg6","appid":"E2B9027B-4669-49C4-8BF9-52DAF0DC8666","selfAppid":"06010111621603000862"}
2016-08-12 11:31:38 {"PHPSESSID":"elsdffu8psjcti1eiphub9ovg6","appid":"E2B9027B-4669-49C4-8BF9-52DAF0DC8666","selfAppid":"06010111621603000862"}
2016-08-12 11:40:33 {"PHPSESSID":"elsdffu8psjcti1eiphub9ovg6","appid":"E2B9027B-4669-49C4-8BF9-52DAF0DC8666","selfAppid":"06010111621603000862"}
2016-08-12 11:41:15 {"PHPSESSID":"elsdffu8psjcti1eiphub9ovg6","appid":"E2B9027B-4669-49C4-8BF9-52DAF0DC8666","selfAppid":"06010111621603000862"}
2016-08-12 11:45:20 {"PHPSESSID":"elsdffu8psjcti1eiphub9ovg6","appid":"E2B9027B-4669-49C4-8BF9-52DAF0DC8666","selfAppid":"06010111621603000862"}
2016-08-12 11:47:43 {"PHPSESSID":"elsdffu8psjcti1eiphub9ovg6","appid":"E2B9027B-4669-49C4-8BF9-52DAF0DC8666","selfAppid":"06010111621603000862"}
2016-08-12 11:48:58 {"PHPSESSID":"elsdffu8psjcti1eiphub9ovg6","appid":"E2B9027B-4669-49C4-8BF9-52DAF0DC8666","selfAppid":"06010111621603000862"}
2016-08-12 11:55:54 {"PHPSESSID":"elsdffu8psjcti1eiphub9ovg6","appid":"E2B9027B-4669-49C4-8BF9-52DAF0DC8666","selfAppid":"06010111621603000862"}
2016-08-12 11:59:53 {"PHPSESSID":"elsdffu8psjcti1eiphub9ovg6","appid":"E2B9027B-4669-49C4-8BF9-52DAF0DC8666","selfAppid":"06010111621603000862"}
2016-08-12 12:01:50 {"PHPSESSID":"elsdffu8psjcti1eiphub9ovg6","appid":"E2B9027B-4669-49C4-8BF9-52DAF0DC8666","selfAppid":"06010111621603000862"}
2016-08-12 12:02:47 {"PHPSESSID":"elsdffu8psjcti1eiphub9ovg6","appid":"E2B9027B-4669-49C4-8BF9-52DAF0DC8666","selfAppid":"06010111621603000862"}
2016-08-12 12:07:14 {"PHPSESSID":"elsdffu8psjcti1eiphub9ovg6","appid":"E2B9027B-4669-49C4-8BF9-52DAF0DC8666","selfAppid":"06010111621603000862"}
2016-08-12 12:08:09 {"PHPSESSID":"elsdffu8psjcti1eiphub9ovg6","appid":"E2B9027B-4669-49C4-8BF9-52DAF0DC8666","selfAppid":"06010111621603000862"}
2016-08-12 12:09:31 {"PHPSESSID":"elsdffu8psjcti1eiphub9ovg6","appid":"E2B9027B-4669-49C4-8BF9-52DAF0DC8666","selfAppid":"06010111621603000862"}
2016-08-12 12:10:10 {"PHPSESSID":"elsdffu8psjcti1eiphub9ovg6","appid":"E2B9027B-4669-49C4-8BF9-52DAF0DC8666","selfAppid":"06010111621603000862"}
2016-08-12 12:10:37 {"PHPSESSID":"elsdffu8psjcti1eiphub9ovg6","appid":"E2B9027B-4669-49C4-8BF9-52DAF0DC8666","selfAppid":"06010111621603000862"}
2016-08-12 12:16:49 {"PHPSESSID":"elsdffu8psjcti1eiphub9ovg6","appid":"E2B9027B-4669-49C4-8BF9-52DAF0DC8666","selfAppid":"06010111621603000862"}
2016-08-12 12:17:36 {"PHPSESSID":"elsdffu8psjcti1eiphub9ovg6","appid":"E2B9027B-4669-49C4-8BF9-52DAF0DC8666","selfAppid":"06010111621603000862"}
2016-08-12 12:21:43 {"PHPSESSID":"elsdffu8psjcti1eiphub9ovg6","appid":"E2B9027B-4669-49C4-8BF9-52DAF0DC8666","selfAppid":"06010111621603000862"}
2016-08-12 12:21:57 {"PHPSESSID":"elsdffu8psjcti1eiphub9ovg6","appid":"E2B9027B-4669-49C4-8BF9-52DAF0DC8666","selfAppid":"06010111621603000862"}
2016-08-12 12:23:09 {"PHPSESSID":"elsdffu8psjcti1eiphub9ovg6","appid":"E2B9027B-4669-49C4-8BF9-52DAF0DC8666","selfAppid":"06010111621603000862"}
2016-08-12 13:52:07 {"PHPSESSID":"elsdffu8psjcti1eiphub9ovg6","appid":"E2B9027B-4669-49C4-8BF9-52DAF0DC8666","selfAppid":"06010111621603000862"}
2016-08-12 13:52:40 {"PHPSESSID":"elsdffu8psjcti1eiphub9ovg6","appid":"E2B9027B-4669-49C4-8BF9-52DAF0DC8666","selfAppid":"06010111621603000862"}
2016-08-12 13:52:44 {"PHPSESSID":"elsdffu8psjcti1eiphub9ovg6","appid":"E2B9027B-4669-49C4-8BF9-52DAF0DC8666","selfAppid":"06010111621603000862"}
2016-08-12 13:56:58 {"PHPSESSID":"elsdffu8psjcti1eiphub9ovg6","appid":"E2B9027B-4669-49C4-8BF9-52DAF0DC8666","selfAppid":"06010111621603000862"}
2016-08-12 14:01:03 {"PHPSESSID":"elsdffu8psjcti1eiphub9ovg6","appid":"E2B9027B-4669-49C4-8BF9-52DAF0DC8666","selfAppid":"06010111621603000862"}
2016-08-12 14:01:16 {"PHPSESSID":"elsdffu8psjcti1eiphub9ovg6","appid":"E2B9027B-4669-49C4-8BF9-52DAF0DC8666","selfAppid":"06010111621603000862"}
2016-08-12 14:01:34 {"PHPSESSID":"elsdffu8psjcti1eiphub9ovg6","appid":"E2B9027B-4669-49C4-8BF9-52DAF0DC8666","selfAppid":"06010111621603000862"}
2016-08-12 14:01:36 {"PHPSESSID":"elsdffu8psjcti1eiphub9ovg6","appid":"E2B9027B-4669-49C4-8BF9-52DAF0DC8666","selfAppid":"06010111621603000862"}
2016-08-12 14:01:37 {"PHPSESSID":"elsdffu8psjcti1eiphub9ovg6","appid":"E2B9027B-4669-49C4-8BF9-52DAF0DC8666","selfAppid":"06010111621603000862"}
2016-08-12 14:01:37 {"PHPSESSID":"elsdffu8psjcti1eiphub9ovg6","appid":"E2B9027B-4669-49C4-8BF9-52DAF0DC8666","selfAppid":"06010111621603000862"}
2016-08-12 14:02:10 {"PHPSESSID":"elsdffu8psjcti1eiphub9ovg6","appid":"E2B9027B-4669-49C4-8BF9-52DAF0DC8666","selfAppid":"06010111621603000862"}
2016-08-12 14:02:11 {"PHPSESSID":"elsdffu8psjcti1eiphub9ovg6","appid":"E2B9027B-4669-49C4-8BF9-52DAF0DC8666","selfAppid":"06010111621603000862"}
2016-08-12 14:02:12 {"PHPSESSID":"elsdffu8psjcti1eiphub9ovg6","appid":"E2B9027B-4669-49C4-8BF9-52DAF0DC8666","selfAppid":"06010111621603000862"}
2016-08-12 14:02:55 {"PHPSESSID":"elsdffu8psjcti1eiphub9ovg6","appid":"E2B9027B-4669-49C4-8BF9-52DAF0DC8666","selfAppid":"06010111621603000862"}
2016-08-12 14:03:20 {"PHPSESSID":"elsdffu8psjcti1eiphub9ovg6","appid":"E2B9027B-4669-49C4-8BF9-52DAF0DC8666","selfAppid":"06010111621603000862"}
2016-08-12 14:15:21 {"PHPSESSID":"elsdffu8psjcti1eiphub9ovg6","appid":"E2B9027B-4669-49C4-8BF9-52DAF0DC8666","selfAppid":"06010111621603000862"}
2016-08-12 14:15:45 {"PHPSESSID":"elsdffu8psjcti1eiphub9ovg6","appid":"E2B9027B-4669-49C4-8BF9-52DAF0DC8666","selfAppid":"06010111621603000862"}
2016-08-12 14:16:51 {"PHPSESSID":"elsdffu8psjcti1eiphub9ovg6","appid":"E2B9027B-4669-49C4-8BF9-52DAF0DC8666","selfAppid":"06010111621603000862"}
2016-08-12 14:23:10 {"PHPSESSID":"elsdffu8psjcti1eiphub9ovg6","appid":"E2B9027B-4669-49C4-8BF9-52DAF0DC8666","selfAppid":"06010111621603000862"}
2016-08-12 14:24:16 {"PHPSESSID":"elsdffu8psjcti1eiphub9ovg6","appid":"E2B9027B-4669-49C4-8BF9-52DAF0DC8666","selfAppid":"06010111621603000862"}
2016-08-12 14:25:14 {"PHPSESSID":"elsdffu8psjcti1eiphub9ovg6","appid":"E2B9027B-4669-49C4-8BF9-52DAF0DC8666","selfAppid":"06010111621603000862"}
2016-08-12 14:26:00 {"PHPSESSID":"elsdffu8psjcti1eiphub9ovg6","appid":"E2B9027B-4669-49C4-8BF9-52DAF0DC8666","selfAppid":"06010111621603000862"}
2016-08-12 14:26:47 {"PHPSESSID":"elsdffu8psjcti1eiphub9ovg6","appid":"E2B9027B-4669-49C4-8BF9-52DAF0DC8666","selfAppid":"06010111621603000862"}
2016-08-12 14:27:44 {"PHPSESSID":"elsdffu8psjcti1eiphub9ovg6","appid":"E2B9027B-4669-49C4-8BF9-52DAF0DC8666","selfAppid":"06010111621603000862"}
2016-08-12 14:28:31 {"PHPSESSID":"elsdffu8psjcti1eiphub9ovg6","appid":"E2B9027B-4669-49C4-8BF9-52DAF0DC8666","selfAppid":"06010111621603000862"}
2016-08-12 14:29:05 {"PHPSESSID":"elsdffu8psjcti1eiphub9ovg6","appid":"E2B9027B-4669-49C4-8BF9-52DAF0DC8666","selfAppid":"06010111621603000862"}
2016-08-12 14:29:09 {"PHPSESSID":"elsdffu8psjcti1eiphub9ovg6","appid":"E2B9027B-4669-49C4-8BF9-52DAF0DC8666","selfAppid":"06010111621603000862"}
2016-08-12 14:29:10 {"PHPSESSID":"elsdffu8psjcti1eiphub9ovg6","appid":"E2B9027B-4669-49C4-8BF9-52DAF0DC8666","selfAppid":"06010111621603000862"}
2016-08-12 14:29:17 {"PHPSESSID":"elsdffu8psjcti1eiphub9ovg6","appid":"E2B9027B-4669-49C4-8BF9-52DAF0DC8666","selfAppid":"06010111621603000862"}
2016-08-12 14:30:16 {"PHPSESSID":"elsdffu8psjcti1eiphub9ovg6","appid":"E2B9027B-4669-49C4-8BF9-52DAF0DC8666","selfAppid":"06010111621603000862"}
2016-08-12 14:32:05 {"PHPSESSID":"elsdffu8psjcti1eiphub9ovg6","appid":"E2B9027B-4669-49C4-8BF9-52DAF0DC8666","selfAppid":"06010111621603000862"}
2016-08-12 14:32:07 {"PHPSESSID":"elsdffu8psjcti1eiphub9ovg6","appid":"E2B9027B-4669-49C4-8BF9-52DAF0DC8666","selfAppid":"06010111621603000862"}
2016-08-12 14:32:16 {"PHPSESSID":"elsdffu8psjcti1eiphub9ovg6","appid":"E2B9027B-4669-49C4-8BF9-52DAF0DC8666","selfAppid":"06010111621603000862"}
2016-08-12 14:33:00 {"PHPSESSID":"elsdffu8psjcti1eiphub9ovg6","appid":"E2B9027B-4669-49C4-8BF9-52DAF0DC8666","selfAppid":"06010111621603000862"}
2016-08-12 14:33:26 {"PHPSESSID":"elsdffu8psjcti1eiphub9ovg6","appid":"E2B9027B-4669-49C4-8BF9-52DAF0DC8666","selfAppid":"06010111621603000862"}
2016-08-12 14:33:40 {"PHPSESSID":"elsdffu8psjcti1eiphub9ovg6","appid":"E2B9027B-4669-49C4-8BF9-52DAF0DC8666","selfAppid":"06010111621603000862"}
2016-08-12 14:34:04 {"PHPSESSID":"elsdffu8psjcti1eiphub9ovg6","appid":"E2B9027B-4669-49C4-8BF9-52DAF0DC8666","selfAppid":"06010111621603000862"}
2016-08-12 14:38:35 {"PHPSESSID":"elsdffu8psjcti1eiphub9ovg6","appid":"E2B9027B-4669-49C4-8BF9-52DAF0DC8666","selfAppid":"06010111621603000862"}
2016-08-12 14:40:42 {"PHPSESSID":"elsdffu8psjcti1eiphub9ovg6","appid":"E2B9027B-4669-49C4-8BF9-52DAF0DC8666","selfAppid":"06010111621603000862"}
2016-08-12 14:40:45 {"PHPSESSID":"elsdffu8psjcti1eiphub9ovg6","appid":"E2B9027B-4669-49C4-8BF9-52DAF0DC8666","selfAppid":"06010111621603000862"}
2016-08-12 14:40:47 {"PHPSESSID":"elsdffu8psjcti1eiphub9ovg6","appid":"E2B9027B-4669-49C4-8BF9-52DAF0DC8666","selfAppid":"06010111621603000862"}
2016-08-12 14:40:48 {"PHPSESSID":"elsdffu8psjcti1eiphub9ovg6","appid":"E2B9027B-4669-49C4-8BF9-52DAF0DC8666","selfAppid":"06010111621603000862"}
2016-08-12 14:40:48 {"PHPSESSID":"elsdffu8psjcti1eiphub9ovg6","appid":"E2B9027B-4669-49C4-8BF9-52DAF0DC8666","selfAppid":"06010111621603000862"}
2016-08-12 14:53:21 {"PHPSESSID":"elsdffu8psjcti1eiphub9ovg6","appid":"E2B9027B-4669-49C4-8BF9-52DAF0DC8666","selfAppid":"06010111621603000862"}
2016-08-12 14:54:40 {"PHPSESSID":"elsdffu8psjcti1eiphub9ovg6","appid":"E2B9027B-4669-49C4-8BF9-52DAF0DC8666","selfAppid":"06010111621603000862"}
2016-08-12 14:54:41 {"PHPSESSID":"elsdffu8psjcti1eiphub9ovg6","appid":"E2B9027B-4669-49C4-8BF9-52DAF0DC8666","selfAppid":"06010111621603000862"}
2016-08-12 14:54:42 {"PHPSESSID":"elsdffu8psjcti1eiphub9ovg6","appid":"E2B9027B-4669-49C4-8BF9-52DAF0DC8666","selfAppid":"06010111621603000862"}
2016-08-12 14:54:44 {"PHPSESSID":"elsdffu8psjcti1eiphub9ovg6","appid":"E2B9027B-4669-49C4-8BF9-52DAF0DC8666","selfAppid":"06010111621603000862"}
2016-08-12 14:54:44 {"PHPSESSID":"elsdffu8psjcti1eiphub9ovg6","appid":"E2B9027B-4669-49C4-8BF9-52DAF0DC8666","selfAppid":"06010111621603000862"}
2016-08-12 14:54:45 {"PHPSESSID":"elsdffu8psjcti1eiphub9ovg6","appid":"E2B9027B-4669-49C4-8BF9-52DAF0DC8666","selfAppid":"06010111621603000862"}
2016-08-12 14:54:50 {"PHPSESSID":"elsdffu8psjcti1eiphub9ovg6","appid":"E2B9027B-4669-49C4-8BF9-52DAF0DC8666","selfAppid":"06010111621603000862"}
2016-08-12 14:54:52 {"PHPSESSID":"elsdffu8psjcti1eiphub9ovg6","appid":"E2B9027B-4669-49C4-8BF9-52DAF0DC8666","selfAppid":"06010111621603000862"}
2016-08-12 14:54:52 {"PHPSESSID":"elsdffu8psjcti1eiphub9ovg6","appid":"E2B9027B-4669-49C4-8BF9-52DAF0DC8666","selfAppid":"06010111621603000862"}
2016-08-12 14:54:53 {"PHPSESSID":"elsdffu8psjcti1eiphub9ovg6","appid":"E2B9027B-4669-49C4-8BF9-52DAF0DC8666","selfAppid":"06010111621603000862"}
2016-08-12 14:54:54 {"PHPSESSID":"elsdffu8psjcti1eiphub9ovg6","appid":"E2B9027B-4669-49C4-8BF9-52DAF0DC8666","selfAppid":"06010111621603000862"}
2016-08-12 14:54:54 {"PHPSESSID":"elsdffu8psjcti1eiphub9ovg6","appid":"E2B9027B-4669-49C4-8BF9-52DAF0DC8666","selfAppid":"06010111621603000862"}
2016-08-12 14:54:55 {"PHPSESSID":"elsdffu8psjcti1eiphub9ovg6","appid":"E2B9027B-4669-49C4-8BF9-52DAF0DC8666","selfAppid":"06010111621603000862"}
2016-08-12 14:54:55 {"PHPSESSID":"elsdffu8psjcti1eiphub9ovg6","appid":"E2B9027B-4669-49C4-8BF9-52DAF0DC8666","selfAppid":"06010111621603000862"}
2016-08-12 14:54:55 {"PHPSESSID":"elsdffu8psjcti1eiphub9ovg6","appid":"E2B9027B-4669-49C4-8BF9-52DAF0DC8666","selfAppid":"06010111621603000862"}
2016-08-12 14:54:55 {"PHPSESSID":"elsdffu8psjcti1eiphub9ovg6","appid":"E2B9027B-4669-49C4-8BF9-52DAF0DC8666","selfAppid":"06010111621603000862"}
2016-08-12 14:54:56 {"PHPSESSID":"elsdffu8psjcti1eiphub9ovg6","appid":"E2B9027B-4669-49C4-8BF9-52DAF0DC8666","selfAppid":"06010111621603000862"}
2016-08-12 14:54:56 {"PHPSESSID":"elsdffu8psjcti1eiphub9ovg6","appid":"E2B9027B-4669-49C4-8BF9-52DAF0DC8666","selfAppid":"06010111621603000862"}
2016-08-12 14:54:56 {"PHPSESSID":"elsdffu8psjcti1eiphub9ovg6","appid":"E2B9027B-4669-49C4-8BF9-52DAF0DC8666","selfAppid":"06010111621603000862"}
2016-08-12 14:54:57 {"PHPSESSID":"elsdffu8psjcti1eiphub9ovg6","appid":"E2B9027B-4669-49C4-8BF9-52DAF0DC8666","selfAppid":"06010111621603000862"}
2016-08-12 14:54:57 {"PHPSESSID":"elsdffu8psjcti1eiphub9ovg6","appid":"E2B9027B-4669-49C4-8BF9-52DAF0DC8666","selfAppid":"06010111621603000862"}
2016-08-12 14:54:57 {"PHPSESSID":"elsdffu8psjcti1eiphub9ovg6","appid":"E2B9027B-4669-49C4-8BF9-52DAF0DC8666","selfAppid":"06010111621603000862"}
2016-08-12 14:54:57 {"PHPSESSID":"elsdffu8psjcti1eiphub9ovg6","appid":"E2B9027B-4669-49C4-8BF9-52DAF0DC8666","selfAppid":"06010111621603000862"}
2016-08-12 14:54:57 {"PHPSESSID":"elsdffu8psjcti1eiphub9ovg6","appid":"E2B9027B-4669-49C4-8BF9-52DAF0DC8666","selfAppid":"06010111621603000862"}
2016-08-12 14:54:57 {"PHPSESSID":"elsdffu8psjcti1eiphub9ovg6","appid":"E2B9027B-4669-49C4-8BF9-52DAF0DC8666","selfAppid":"06010111621603000862"}
2016-08-12 14:54:57 {"PHPSESSID":"elsdffu8psjcti1eiphub9ovg6","appid":"E2B9027B-4669-49C4-8BF9-52DAF0DC8666","selfAppid":"06010111621603000862"}
2016-08-12 14:54:57 {"PHPSESSID":"elsdffu8psjcti1eiphub9ovg6","appid":"E2B9027B-4669-49C4-8BF9-52DAF0DC8666","selfAppid":"06010111621603000862"}
2016-08-12 14:54:57 {"PHPSESSID":"elsdffu8psjcti1eiphub9ovg6","appid":"E2B9027B-4669-49C4-8BF9-52DAF0DC8666","selfAppid":"06010111621603000862"}
2016-08-12 14:56:08 {"PHPSESSID":"elsdffu8psjcti1eiphub9ovg6","appid":"E2B9027B-4669-49C4-8BF9-52DAF0DC8666","selfAppid":"06010111621603000862"}
2016-08-12 14:57:05 {"PHPSESSID":"elsdffu8psjcti1eiphub9ovg6","appid":"E2B9027B-4669-49C4-8BF9-52DAF0DC8666","selfAppid":"06010111621603000862"}
2016-08-12 14:57:06 {"PHPSESSID":"elsdffu8psjcti1eiphub9ovg6","appid":"E2B9027B-4669-49C4-8BF9-52DAF0DC8666","selfAppid":"06010111621603000862"}
2016-08-12 14:57:06 {"PHPSESSID":"elsdffu8psjcti1eiphub9ovg6","appid":"E2B9027B-4669-49C4-8BF9-52DAF0DC8666","selfAppid":"06010111621603000862"}
2016-08-12 14:57:07 {"PHPSESSID":"elsdffu8psjcti1eiphub9ovg6","appid":"E2B9027B-4669-49C4-8BF9-52DAF0DC8666","selfAppid":"06010111621603000862"}
2016-08-12 14:57:07 {"PHPSESSID":"elsdffu8psjcti1eiphub9ovg6","appid":"E2B9027B-4669-49C4-8BF9-52DAF0DC8666","selfAppid":"06010111621603000862"}
2016-08-12 14:59:15 {"PHPSESSID":"elsdffu8psjcti1eiphub9ovg6","appid":"E2B9027B-4669-49C4-8BF9-52DAF0DC8666","selfAppid":"06010111621603000862"}
2016-08-12 14:59:16 {"PHPSESSID":"elsdffu8psjcti1eiphub9ovg6","appid":"E2B9027B-4669-49C4-8BF9-52DAF0DC8666","selfAppid":"06010111621603000862"}
2016-08-12 14:59:17 {"PHPSESSID":"elsdffu8psjcti1eiphub9ovg6","appid":"E2B9027B-4669-49C4-8BF9-52DAF0DC8666","selfAppid":"06010111621603000862"}
2016-08-12 14:59:17 {"PHPSESSID":"elsdffu8psjcti1eiphub9ovg6","appid":"E2B9027B-4669-49C4-8BF9-52DAF0DC8666","selfAppid":"06010111621603000862"}
2016-08-12 14:59:17 {"PHPSESSID":"elsdffu8psjcti1eiphub9ovg6","appid":"E2B9027B-4669-49C4-8BF9-52DAF0DC8666","selfAppid":"06010111621603000862"}
2016-08-12 14:59:18 {"PHPSESSID":"elsdffu8psjcti1eiphub9ovg6","appid":"E2B9027B-4669-49C4-8BF9-52DAF0DC8666","selfAppid":"06010111621603000862"}
2016-08-12 14:59:18 {"PHPSESSID":"elsdffu8psjcti1eiphub9ovg6","appid":"E2B9027B-4669-49C4-8BF9-52DAF0DC8666","selfAppid":"06010111621603000862"}
2016-08-12 14:59:18 {"PHPSESSID":"elsdffu8psjcti1eiphub9ovg6","appid":"E2B9027B-4669-49C4-8BF9-52DAF0DC8666","selfAppid":"06010111621603000862"}
2016-08-12 14:59:18 {"PHPSESSID":"elsdffu8psjcti1eiphub9ovg6","appid":"E2B9027B-4669-49C4-8BF9-52DAF0DC8666","selfAppid":"06010111621603000862"}
2016-08-12 14:59:19 {"PHPSESSID":"elsdffu8psjcti1eiphub9ovg6","appid":"E2B9027B-4669-49C4-8BF9-52DAF0DC8666","selfAppid":"06010111621603000862"}
2016-08-12 14:59:20 {"PHPSESSID":"elsdffu8psjcti1eiphub9ovg6","appid":"E2B9027B-4669-49C4-8BF9-52DAF0DC8666","selfAppid":"06010111621603000862"}
2016-08-12 15:01:18 {"PHPSESSID":"elsdffu8psjcti1eiphub9ovg6","appid":"E2B9027B-4669-49C4-8BF9-52DAF0DC8666","selfAppid":"06010111621603000862"}
2016-08-12 15:02:07 {"PHPSESSID":"elsdffu8psjcti1eiphub9ovg6","appid":"E2B9027B-4669-49C4-8BF9-52DAF0DC8666","selfAppid":"06010111621603000862"}
2016-08-12 15:02:08 {"PHPSESSID":"elsdffu8psjcti1eiphub9ovg6","appid":"E2B9027B-4669-49C4-8BF9-52DAF0DC8666","selfAppid":"06010111621603000862"}
2016-08-12 15:02:09 {"PHPSESSID":"elsdffu8psjcti1eiphub9ovg6","appid":"E2B9027B-4669-49C4-8BF9-52DAF0DC8666","selfAppid":"06010111621603000862"}
2016-08-12 15:02:09 {"PHPSESSID":"elsdffu8psjcti1eiphub9ovg6","appid":"E2B9027B-4669-49C4-8BF9-52DAF0DC8666","selfAppid":"06010111621603000862"}
2016-08-12 15:02:10 {"PHPSESSID":"elsdffu8psjcti1eiphub9ovg6","appid":"E2B9027B-4669-49C4-8BF9-52DAF0DC8666","selfAppid":"06010111621603000862"}
2016-08-12 15:06:19 {"PHPSESSID":"elsdffu8psjcti1eiphub9ovg6","appid":"E2B9027B-4669-49C4-8BF9-52DAF0DC8666","selfAppid":"06010111621603000862"}
2016-08-12 15:07:03 {"PHPSESSID":"elsdffu8psjcti1eiphub9ovg6","appid":"E2B9027B-4669-49C4-8BF9-52DAF0DC8666","selfAppid":"06010111621603000862"}
2016-08-12 15:10:07 {"PHPSESSID":"elsdffu8psjcti1eiphub9ovg6","appid":"E2B9027B-4669-49C4-8BF9-52DAF0DC8666","selfAppid":"06010111621603000862"}
2016-08-12 15:10:51 {"PHPSESSID":"elsdffu8psjcti1eiphub9ovg6","appid":"E2B9027B-4669-49C4-8BF9-52DAF0DC8666","selfAppid":"06010111621603000862"}
2016-08-12 15:11:09 {"PHPSESSID":"elsdffu8psjcti1eiphub9ovg6","appid":"E2B9027B-4669-49C4-8BF9-52DAF0DC8666","selfAppid":"06010111621603000862"}
2016-08-12 15:11:21 {"PHPSESSID":"elsdffu8psjcti1eiphub9ovg6","appid":"E2B9027B-4669-49C4-8BF9-52DAF0DC8666","selfAppid":"06010111621603000862"}
2016-08-12 15:11:22 {"PHPSESSID":"elsdffu8psjcti1eiphub9ovg6","appid":"E2B9027B-4669-49C4-8BF9-52DAF0DC8666","selfAppid":"06010111621603000862"}
2016-08-12 15:11:42 {"PHPSESSID":"elsdffu8psjcti1eiphub9ovg6","appid":"E2B9027B-4669-49C4-8BF9-52DAF0DC8666","selfAppid":"06010111621603000862"}
2016-08-12 15:12:23 {"PHPSESSID":"elsdffu8psjcti1eiphub9ovg6","appid":"E2B9027B-4669-49C4-8BF9-52DAF0DC8666","selfAppid":"06010111621603000862"}
2016-08-12 15:12:34 {"PHPSESSID":"elsdffu8psjcti1eiphub9ovg6","appid":"E2B9027B-4669-49C4-8BF9-52DAF0DC8666","selfAppid":"06010111621603000862"}
2016-08-12 15:12:58 {"PHPSESSID":"elsdffu8psjcti1eiphub9ovg6","appid":"E2B9027B-4669-49C4-8BF9-52DAF0DC8666","selfAppid":"06010111621603000862"}
2016-08-12 15:13:06 {"PHPSESSID":"elsdffu8psjcti1eiphub9ovg6","appid":"E2B9027B-4669-49C4-8BF9-52DAF0DC8666","selfAppid":"06010111621603000862"}
2016-08-12 15:14:08 {"PHPSESSID":"elsdffu8psjcti1eiphub9ovg6","appid":"E2B9027B-4669-49C4-8BF9-52DAF0DC8666","selfAppid":"06010111621603000862"}
2016-08-12 15:14:09 {"PHPSESSID":"elsdffu8psjcti1eiphub9ovg6","appid":"E2B9027B-4669-49C4-8BF9-52DAF0DC8666","selfAppid":"06010111621603000862"}
2016-08-12 15:14:09 {"PHPSESSID":"elsdffu8psjcti1eiphub9ovg6","appid":"E2B9027B-4669-49C4-8BF9-52DAF0DC8666","selfAppid":"06010111621603000862"}
2016-08-12 15:14:10 {"PHPSESSID":"elsdffu8psjcti1eiphub9ovg6","appid":"E2B9027B-4669-49C4-8BF9-52DAF0DC8666","selfAppid":"06010111621603000862"}
2016-08-12 15:14:10 {"PHPSESSID":"elsdffu8psjcti1eiphub9ovg6","appid":"E2B9027B-4669-49C4-8BF9-52DAF0DC8666","selfAppid":"06010111621603000862"}
2016-08-12 15:29:06 {"PHPSESSID":"elsdffu8psjcti1eiphub9ovg6","appid":"E2B9027B-4669-49C4-8BF9-52DAF0DC8666","selfAppid":"06010111621603000862"}
2016-08-12 15:29:38 {"PHPSESSID":"elsdffu8psjcti1eiphub9ovg6","appid":"E2B9027B-4669-49C4-8BF9-52DAF0DC8666","selfAppid":"06010111621603000862"}
2016-08-12 15:29:47 {"PHPSESSID":"elsdffu8psjcti1eiphub9ovg6","appid":"E2B9027B-4669-49C4-8BF9-52DAF0DC8666","selfAppid":"06010111621603000862"}
2016-08-12 15:29:57 {"PHPSESSID":"elsdffu8psjcti1eiphub9ovg6","appid":"E2B9027B-4669-49C4-8BF9-52DAF0DC8666","selfAppid":"06010111621603000862"}
2016-08-12 15:32:02 {"PHPSESSID":"elsdffu8psjcti1eiphub9ovg6","appid":"E2B9027B-4669-49C4-8BF9-52DAF0DC8666","selfAppid":"06010111621603000862"}
2016-08-12 15:33:06 {"PHPSESSID":"elsdffu8psjcti1eiphub9ovg6","appid":"E2B9027B-4669-49C4-8BF9-52DAF0DC8666","selfAppid":"06010111621603000862"}
2016-08-12 15:34:34 {"PHPSESSID":"elsdffu8psjcti1eiphub9ovg6","appid":"E2B9027B-4669-49C4-8BF9-52DAF0DC8666","selfAppid":"06010111621603000862"}
2016-08-12 15:35:02 {"PHPSESSID":"elsdffu8psjcti1eiphub9ovg6","appid":"E2B9027B-4669-49C4-8BF9-52DAF0DC8666","selfAppid":"06010111621603000862"}
2016-08-12 15:35:26 {"PHPSESSID":"elsdffu8psjcti1eiphub9ovg6","appid":"E2B9027B-4669-49C4-8BF9-52DAF0DC8666","selfAppid":"06010111621603000862"}
2016-08-12 15:35:28 {"PHPSESSID":"elsdffu8psjcti1eiphub9ovg6","appid":"E2B9027B-4669-49C4-8BF9-52DAF0DC8666","selfAppid":"06010111621603000862"}
2016-08-12 15:35:29 {"PHPSESSID":"elsdffu8psjcti1eiphub9ovg6","appid":"E2B9027B-4669-49C4-8BF9-52DAF0DC8666","selfAppid":"06010111621603000862"}
2016-08-12 15:36:04 {"PHPSESSID":"elsdffu8psjcti1eiphub9ovg6","appid":"E2B9027B-4669-49C4-8BF9-52DAF0DC8666","selfAppid":"06010111621603000862"}
2016-08-12 15:36:04 {"PHPSESSID":"elsdffu8psjcti1eiphub9ovg6","appid":"E2B9027B-4669-49C4-8BF9-52DAF0DC8666","selfAppid":"06010111621603000862"}
2016-08-12 15:36:06 {"PHPSESSID":"elsdffu8psjcti1eiphub9ovg6","appid":"E2B9027B-4669-49C4-8BF9-52DAF0DC8666","selfAppid":"06010111621603000862"}
2016-08-12 15:36:07 {"PHPSESSID":"elsdffu8psjcti1eiphub9ovg6","appid":"E2B9027B-4669-49C4-8BF9-52DAF0DC8666","selfAppid":"06010111621603000862"}
2016-08-12 15:36:09 {"PHPSESSID":"elsdffu8psjcti1eiphub9ovg6","appid":"E2B9027B-4669-49C4-8BF9-52DAF0DC8666","selfAppid":"06010111621603000862"}
2016-08-12 15:36:30 {"PHPSESSID":"elsdffu8psjcti1eiphub9ovg6","appid":"E2B9027B-4669-49C4-8BF9-52DAF0DC8666","selfAppid":"06010111621603000862"}
2016-08-12 15:51:46 {"PHPSESSID":"elsdffu8psjcti1eiphub9ovg6","appid":"E2B9027B-4669-49C4-8BF9-52DAF0DC8666","selfAppid":"06010111621603000862"}
2016-08-12 15:51:46 {"PHPSESSID":"elsdffu8psjcti1eiphub9ovg6","appid":"E2B9027B-4669-49C4-8BF9-52DAF0DC8666","selfAppid":"06010111621603000862"}
2016-08-12 15:51:47 {"PHPSESSID":"elsdffu8psjcti1eiphub9ovg6","appid":"E2B9027B-4669-49C4-8BF9-52DAF0DC8666","selfAppid":"06010111621603000862"}
2016-08-12 15:52:18 {"PHPSESSID":"elsdffu8psjcti1eiphub9ovg6","appid":"E2B9027B-4669-49C4-8BF9-52DAF0DC8666","selfAppid":"06010111621603000862"}
2016-08-12 15:52:19 {"PHPSESSID":"elsdffu8psjcti1eiphub9ovg6","appid":"E2B9027B-4669-49C4-8BF9-52DAF0DC8666","selfAppid":"06010111621603000862"}
2016-08-12 15:52:19 {"PHPSESSID":"elsdffu8psjcti1eiphub9ovg6","appid":"E2B9027B-4669-49C4-8BF9-52DAF0DC8666","selfAppid":"06010111621603000862"}
2016-08-12 15:53:24 {"PHPSESSID":"elsdffu8psjcti1eiphub9ovg6","appid":"E2B9027B-4669-49C4-8BF9-52DAF0DC8666","selfAppid":"06010111621603000862"}
2016-08-12 15:53:26 {"PHPSESSID":"elsdffu8psjcti1eiphub9ovg6","appid":"E2B9027B-4669-49C4-8BF9-52DAF0DC8666","selfAppid":"06010111621603000862"}
2016-08-12 15:53:26 {"PHPSESSID":"elsdffu8psjcti1eiphub9ovg6","appid":"E2B9027B-4669-49C4-8BF9-52DAF0DC8666","selfAppid":"06010111621603000862"}
2016-08-12 15:53:26 {"PHPSESSID":"elsdffu8psjcti1eiphub9ovg6","appid":"E2B9027B-4669-49C4-8BF9-52DAF0DC8666","selfAppid":"06010111621603000862"}
2016-08-12 15:53:27 {"PHPSESSID":"elsdffu8psjcti1eiphub9ovg6","appid":"E2B9027B-4669-49C4-8BF9-52DAF0DC8666","selfAppid":"06010111621603000862"}
2016-08-12 15:55:03 {"PHPSESSID":"elsdffu8psjcti1eiphub9ovg6","appid":"E2B9027B-4669-49C4-8BF9-52DAF0DC8666","selfAppid":"06010111621603000862"}
2016-08-12 15:55:20 {"PHPSESSID":"elsdffu8psjcti1eiphub9ovg6","appid":"E2B9027B-4669-49C4-8BF9-52DAF0DC8666","selfAppid":"06010111621603000862"}
2016-08-12 15:55:35 {"PHPSESSID":"elsdffu8psjcti1eiphub9ovg6","appid":"E2B9027B-4669-49C4-8BF9-52DAF0DC8666","selfAppid":"06010111621603000862"}
2016-08-12 15:55:37 {"PHPSESSID":"elsdffu8psjcti1eiphub9ovg6","appid":"E2B9027B-4669-49C4-8BF9-52DAF0DC8666","selfAppid":"06010111621603000862"}
2016-08-12 15:55:53 {"PHPSESSID":"elsdffu8psjcti1eiphub9ovg6","appid":"E2B9027B-4669-49C4-8BF9-52DAF0DC8666","selfAppid":"06010111621603000862"}
2016-08-12 15:55:54 {"PHPSESSID":"elsdffu8psjcti1eiphub9ovg6","appid":"E2B9027B-4669-49C4-8BF9-52DAF0DC8666","selfAppid":"06010111621603000862"}
2016-08-12 15:55:55 {"PHPSESSID":"elsdffu8psjcti1eiphub9ovg6","appid":"E2B9027B-4669-49C4-8BF9-52DAF0DC8666","selfAppid":"06010111621603000862"}
2016-08-12 15:55:56 {"PHPSESSID":"elsdffu8psjcti1eiphub9ovg6","appid":"E2B9027B-4669-49C4-8BF9-52DAF0DC8666","selfAppid":"06010111621603000862"}
2016-08-12 15:55:57 {"PHPSESSID":"elsdffu8psjcti1eiphub9ovg6","appid":"E2B9027B-4669-49C4-8BF9-52DAF0DC8666","selfAppid":"06010111621603000862"}
2016-08-12 15:55:59 {"PHPSESSID":"elsdffu8psjcti1eiphub9ovg6","appid":"E2B9027B-4669-49C4-8BF9-52DAF0DC8666","selfAppid":"06010111621603000862"}
2016-08-12 16:05:33 {"PHPSESSID":"elsdffu8psjcti1eiphub9ovg6","appid":"E2B9027B-4669-49C4-8BF9-52DAF0DC8666","selfAppid":"06010111621603000862"}
2016-08-12 16:07:35 {"PHPSESSID":"elsdffu8psjcti1eiphub9ovg6","appid":"E2B9027B-4669-49C4-8BF9-52DAF0DC8666","selfAppid":"06010111621603000862"}
2016-08-12 16:08:14 {"PHPSESSID":"elsdffu8psjcti1eiphub9ovg6","appid":"E2B9027B-4669-49C4-8BF9-52DAF0DC8666","selfAppid":"06010111621603000862"}
2016-08-12 16:08:40 {"PHPSESSID":"elsdffu8psjcti1eiphub9ovg6","appid":"E2B9027B-4669-49C4-8BF9-52DAF0DC8666","selfAppid":"06010111621603000862"}
2016-08-12 16:10:06 {"PHPSESSID":"elsdffu8psjcti1eiphub9ovg6","appid":"E2B9027B-4669-49C4-8BF9-52DAF0DC8666","selfAppid":"06010111621603000862"}
2016-08-12 16:10:07 {"PHPSESSID":"elsdffu8psjcti1eiphub9ovg6","appid":"E2B9027B-4669-49C4-8BF9-52DAF0DC8666","selfAppid":"06010111621603000862"}
2016-08-12 16:10:08 {"PHPSESSID":"elsdffu8psjcti1eiphub9ovg6","appid":"E2B9027B-4669-49C4-8BF9-52DAF0DC8666","selfAppid":"06010111621603000862"}
2016-08-12 16:10:09 {"PHPSESSID":"elsdffu8psjcti1eiphub9ovg6","appid":"E2B9027B-4669-49C4-8BF9-52DAF0DC8666","selfAppid":"06010111621603000862"}
2016-08-12 16:10:09 {"PHPSESSID":"elsdffu8psjcti1eiphub9ovg6","appid":"E2B9027B-4669-49C4-8BF9-52DAF0DC8666","selfAppid":"06010111621603000862"}
2016-08-12 16:11:29 {"PHPSESSID":"elsdffu8psjcti1eiphub9ovg6","appid":"E2B9027B-4669-49C4-8BF9-52DAF0DC8666","selfAppid":"06010111621603000862"}
2016-08-12 16:11:47 {"PHPSESSID":"elsdffu8psjcti1eiphub9ovg6","appid":"E2B9027B-4669-49C4-8BF9-52DAF0DC8666","selfAppid":"06010111621603000862"}
2016-08-12 16:12:12 {"PHPSESSID":"elsdffu8psjcti1eiphub9ovg6","appid":"E2B9027B-4669-49C4-8BF9-52DAF0DC8666","selfAppid":"06010111621603000862"}
2016-08-12 16:12:20 {"PHPSESSID":"elsdffu8psjcti1eiphub9ovg6","appid":"E2B9027B-4669-49C4-8BF9-52DAF0DC8666","selfAppid":"06010111621603000862"}
2016-08-12 16:12:21 {"PHPSESSID":"elsdffu8psjcti1eiphub9ovg6","appid":"E2B9027B-4669-49C4-8BF9-52DAF0DC8666","selfAppid":"06010111621603000862"}
2016-08-12 16:12:21 {"PHPSESSID":"elsdffu8psjcti1eiphub9ovg6","appid":"E2B9027B-4669-49C4-8BF9-52DAF0DC8666","selfAppid":"06010111621603000862"}
2016-08-12 16:12:47 {"PHPSESSID":"elsdffu8psjcti1eiphub9ovg6","appid":"E2B9027B-4669-49C4-8BF9-52DAF0DC8666","selfAppid":"06010111621603000862"}
2016-08-12 16:15:45 {"PHPSESSID":"elsdffu8psjcti1eiphub9ovg6","appid":"E2B9027B-4669-49C4-8BF9-52DAF0DC8666","selfAppid":"06010111621603000862"}
2016-08-12 16:15:47 {"PHPSESSID":"elsdffu8psjcti1eiphub9ovg6","appid":"E2B9027B-4669-49C4-8BF9-52DAF0DC8666","selfAppid":"06010111621603000862"}
2016-08-12 16:15:47 {"PHPSESSID":"elsdffu8psjcti1eiphub9ovg6","appid":"E2B9027B-4669-49C4-8BF9-52DAF0DC8666","selfAppid":"06010111621603000862"}
2016-08-12 16:15:47 {"PHPSESSID":"elsdffu8psjcti1eiphub9ovg6","appid":"E2B9027B-4669-49C4-8BF9-52DAF0DC8666","selfAppid":"06010111621603000862"}
2016-08-12 16:15:48 {"PHPSESSID":"elsdffu8psjcti1eiphub9ovg6","appid":"E2B9027B-4669-49C4-8BF9-52DAF0DC8666","selfAppid":"06010111621603000862"}
2016-08-12 16:15:48 {"PHPSESSID":"elsdffu8psjcti1eiphub9ovg6","appid":"E2B9027B-4669-49C4-8BF9-52DAF0DC8666","selfAppid":"06010111621603000862"}
2016-08-12 16:15:48 {"PHPSESSID":"elsdffu8psjcti1eiphub9ovg6","appid":"E2B9027B-4669-49C4-8BF9-52DAF0DC8666","selfAppid":"06010111621603000862"}
2016-08-12 16:15:48 {"PHPSESSID":"elsdffu8psjcti1eiphub9ovg6","appid":"E2B9027B-4669-49C4-8BF9-52DAF0DC8666","selfAppid":"06010111621603000862"}
2016-08-12 16:15:49 {"PHPSESSID":"elsdffu8psjcti1eiphub9ovg6","appid":"E2B9027B-4669-49C4-8BF9-52DAF0DC8666","selfAppid":"06010111621603000862"}
2016-08-12 16:16:21 {"PHPSESSID":"elsdffu8psjcti1eiphub9ovg6","appid":"E2B9027B-4669-49C4-8BF9-52DAF0DC8666","selfAppid":"06010111621603000862"}
2016-08-12 16:17:25 {"PHPSESSID":"elsdffu8psjcti1eiphub9ovg6","appid":"E2B9027B-4669-49C4-8BF9-52DAF0DC8666","selfAppid":"06010111621603000862"}
2016-08-12 16:17:48 {"PHPSESSID":"elsdffu8psjcti1eiphub9ovg6","appid":"E2B9027B-4669-49C4-8BF9-52DAF0DC8666","selfAppid":"06010111621603000862"}
2016-08-12 16:19:05 {"PHPSESSID":"elsdffu8psjcti1eiphub9ovg6","appid":"E2B9027B-4669-49C4-8BF9-52DAF0DC8666","selfAppid":"06010111621603000862"}
2016-08-12 16:20:24 {"PHPSESSID":"elsdffu8psjcti1eiphub9ovg6","appid":"E2B9027B-4669-49C4-8BF9-52DAF0DC8666","selfAppid":"06010111621603000862"}
2016-08-12 16:20:25 {"PHPSESSID":"elsdffu8psjcti1eiphub9ovg6","appid":"E2B9027B-4669-49C4-8BF9-52DAF0DC8666","selfAppid":"06010111621603000862"}
2016-08-12 16:20:25 {"PHPSESSID":"elsdffu8psjcti1eiphub9ovg6","appid":"E2B9027B-4669-49C4-8BF9-52DAF0DC8666","selfAppid":"06010111621603000862"}
2016-08-12 16:20:26 {"PHPSESSID":"elsdffu8psjcti1eiphub9ovg6","appid":"E2B9027B-4669-49C4-8BF9-52DAF0DC8666","selfAppid":"06010111621603000862"}
2016-08-12 16:20:26 {"PHPSESSID":"elsdffu8psjcti1eiphub9ovg6","appid":"E2B9027B-4669-49C4-8BF9-52DAF0DC8666","selfAppid":"06010111621603000862"}
2016-08-12 16:20:26 {"PHPSESSID":"elsdffu8psjcti1eiphub9ovg6","appid":"E2B9027B-4669-49C4-8BF9-52DAF0DC8666","selfAppid":"06010111621603000862"}
2016-08-12 16:20:26 {"PHPSESSID":"elsdffu8psjcti1eiphub9ovg6","appid":"E2B9027B-4669-49C4-8BF9-52DAF0DC8666","selfAppid":"06010111621603000862"}
2016-08-12 16:20:27 {"PHPSESSID":"elsdffu8psjcti1eiphub9ovg6","appid":"E2B9027B-4669-49C4-8BF9-52DAF0DC8666","selfAppid":"06010111621603000862"}
2016-08-12 16:21:24 {"PHPSESSID":"elsdffu8psjcti1eiphub9ovg6","appid":"E2B9027B-4669-49C4-8BF9-52DAF0DC8666","selfAppid":"06010111621603000862"}
2016-08-12 16:21:25 {"PHPSESSID":"elsdffu8psjcti1eiphub9ovg6","appid":"E2B9027B-4669-49C4-8BF9-52DAF0DC8666","selfAppid":"06010111621603000862"}
2016-08-12 16:21:25 {"PHPSESSID":"elsdffu8psjcti1eiphub9ovg6","appid":"E2B9027B-4669-49C4-8BF9-52DAF0DC8666","selfAppid":"06010111621603000862"}
2016-08-12 16:21:51 {"PHPSESSID":"elsdffu8psjcti1eiphub9ovg6","appid":"E2B9027B-4669-49C4-8BF9-52DAF0DC8666","selfAppid":"06010111621603000862"}
2016-08-12 16:24:03 {"PHPSESSID":"elsdffu8psjcti1eiphub9ovg6","appid":"E2B9027B-4669-49C4-8BF9-52DAF0DC8666","selfAppid":"06010111621603000862"}
2016-08-12 16:24:37 {"PHPSESSID":"elsdffu8psjcti1eiphub9ovg6","appid":"E2B9027B-4669-49C4-8BF9-52DAF0DC8666","selfAppid":"06010111621603000862"}
2016-08-12 16:24:38 {"PHPSESSID":"elsdffu8psjcti1eiphub9ovg6","appid":"E2B9027B-4669-49C4-8BF9-52DAF0DC8666","selfAppid":"06010111621603000862"}
2016-08-12 16:24:38 {"PHPSESSID":"elsdffu8psjcti1eiphub9ovg6","appid":"E2B9027B-4669-49C4-8BF9-52DAF0DC8666","selfAppid":"06010111621603000862"}
2016-08-12 16:24:38 {"PHPSESSID":"elsdffu8psjcti1eiphub9ovg6","appid":"E2B9027B-4669-49C4-8BF9-52DAF0DC8666","selfAppid":"06010111621603000862"}
2016-08-12 16:24:57 {"PHPSESSID":"elsdffu8psjcti1eiphub9ovg6","appid":"E2B9027B-4669-49C4-8BF9-52DAF0DC8666","selfAppid":"06010111621603000862"}
2016-08-12 16:24:58 {"PHPSESSID":"elsdffu8psjcti1eiphub9ovg6","appid":"E2B9027B-4669-49C4-8BF9-52DAF0DC8666","selfAppid":"06010111621603000862"}
2016-08-12 16:24:58 {"PHPSESSID":"elsdffu8psjcti1eiphub9ovg6","appid":"E2B9027B-4669-49C4-8BF9-52DAF0DC8666","selfAppid":"06010111621603000862"}
2016-08-12 16:24:58 {"PHPSESSID":"elsdffu8psjcti1eiphub9ovg6","appid":"E2B9027B-4669-49C4-8BF9-52DAF0DC8666","selfAppid":"06010111621603000862"}
2016-08-12 16:24:59 {"PHPSESSID":"elsdffu8psjcti1eiphub9ovg6","appid":"E2B9027B-4669-49C4-8BF9-52DAF0DC8666","selfAppid":"06010111621603000862"}
2016-08-12 16:24:59 {"PHPSESSID":"elsdffu8psjcti1eiphub9ovg6","appid":"E2B9027B-4669-49C4-8BF9-52DAF0DC8666","selfAppid":"06010111621603000862"}
2016-08-12 16:24:59 {"PHPSESSID":"elsdffu8psjcti1eiphub9ovg6","appid":"E2B9027B-4669-49C4-8BF9-52DAF0DC8666","selfAppid":"06010111621603000862"}
2016-08-12 16:24:59 {"PHPSESSID":"elsdffu8psjcti1eiphub9ovg6","appid":"E2B9027B-4669-49C4-8BF9-52DAF0DC8666","selfAppid":"06010111621603000862"}
2016-08-12 16:25:00 {"PHPSESSID":"elsdffu8psjcti1eiphub9ovg6","appid":"E2B9027B-4669-49C4-8BF9-52DAF0DC8666","selfAppid":"06010111621603000862"}
2016-08-12 16:25:58 {"PHPSESSID":"elsdffu8psjcti1eiphub9ovg6","appid":"E2B9027B-4669-49C4-8BF9-52DAF0DC8666","selfAppid":"06010111621603000862"}
2016-08-12 16:25:58 {"PHPSESSID":"elsdffu8psjcti1eiphub9ovg6","appid":"E2B9027B-4669-49C4-8BF9-52DAF0DC8666","selfAppid":"06010111621603000862"}
2016-08-12 16:25:58 {"PHPSESSID":"elsdffu8psjcti1eiphub9ovg6","appid":"E2B9027B-4669-49C4-8BF9-52DAF0DC8666","selfAppid":"06010111621603000862"}
2016-08-12 16:25:59 {"PHPSESSID":"elsdffu8psjcti1eiphub9ovg6","appid":"E2B9027B-4669-49C4-8BF9-52DAF0DC8666","selfAppid":"06010111621603000862"}
2016-08-12 16:26:01 {"PHPSESSID":"elsdffu8psjcti1eiphub9ovg6","appid":"E2B9027B-4669-49C4-8BF9-52DAF0DC8666","selfAppid":"06010111621603000862"}
2016-08-12 16:26:01 {"PHPSESSID":"elsdffu8psjcti1eiphub9ovg6","appid":"E2B9027B-4669-49C4-8BF9-52DAF0DC8666","selfAppid":"06010111621603000862"}
2016-08-12 16:26:01 {"PHPSESSID":"elsdffu8psjcti1eiphub9ovg6","appid":"E2B9027B-4669-49C4-8BF9-52DAF0DC8666","selfAppid":"06010111621603000862"}
2016-08-12 16:26:02 {"PHPSESSID":"elsdffu8psjcti1eiphub9ovg6","appid":"E2B9027B-4669-49C4-8BF9-52DAF0DC8666","selfAppid":"06010111621603000862"}
2016-08-12 16:33:53 {"PHPSESSID":"elsdffu8psjcti1eiphub9ovg6","appid":"E2B9027B-4669-49C4-8BF9-52DAF0DC8666","selfAppid":"06010111621603000862"}
2016-08-12 16:34:09 {"PHPSESSID":"elsdffu8psjcti1eiphub9ovg6","appid":"E2B9027B-4669-49C4-8BF9-52DAF0DC8666","selfAppid":"06010111621603000862"}
2016-08-12 16:34:25 {"PHPSESSID":"elsdffu8psjcti1eiphub9ovg6","appid":"E2B9027B-4669-49C4-8BF9-52DAF0DC8666","selfAppid":"06010111621603000862"}
2016-08-12 16:35:00 {"PHPSESSID":"elsdffu8psjcti1eiphub9ovg6","appid":"E2B9027B-4669-49C4-8BF9-52DAF0DC8666","selfAppid":"06010111621603000862"}
2016-08-12 16:35:13 {"PHPSESSID":"elsdffu8psjcti1eiphub9ovg6","appid":"E2B9027B-4669-49C4-8BF9-52DAF0DC8666","selfAppid":"06010111621603000862"}
